Log file open, 03/16/21 15:20:56
LogWindows: Failed to load 'aqProf.dll' (GetLastError=126)
LogWindows: File 'aqProf.dll' does not exist
LogWindows: Failed to load 'VtuneApi.dll' (GetLastError=126)
LogWindows: File 'VtuneApi.dll' does not exist
LogWindows: Failed to load 'VtuneApi32e.dll' (GetLastError=126)
LogWindows: File 'VtuneApi32e.dll' does not exist
LogConsoleResponse: Display: Failed to find resolution value strings in scalability ini. Falling back to default.
LogInit: Display: Running engine for game: LosingPatience
LogPlatformFile: Not using cached read wrapper
LogTaskGraph: Started task graph with 5 named threads and 14 total threads with 3 sets of task threads.
LogStats: Stats thread started at 0.074465
LogD3D11RHI: Loaded GFSDK_Aftermath_Lib.x64.dll
LogICUInternationalization: ICU TimeZone Detection - Raw Offset: +1:00, Platform Override: ''
LogPluginManager: Mounting plugin Paper2D
LogPluginManager: Mounting plugin AISupport
LogPluginManager: Mounting plugin LightPropagationVolume
LogPluginManager: Mounting plugin ActorLayerUtilities
LogPluginManager: Mounting plugin AnimationSharing
LogPluginManager: Mounting plugin CLionSourceCodeAccess
LogPluginManager: Mounting plugin CodeLiteSourceCodeAccess
LogPluginManager: Mounting plugin GitSourceControl
LogPluginManager: Mounting plugin KDevelopSourceCodeAccess
LogPluginManager: Mounting plugin NullSourceCodeAccess
LogPluginManager: Mounting plugin PerforceSourceControl
LogPluginManager: Mounting plugin SubversionSourceControl
LogPluginManager: Mounting plugin UObjectPlugin
LogPluginManager: Mounting plugin VisualStudioCodeSourceCodeAccess
LogPluginManager: Mounting plugin VisualStudioSourceCodeAccess
LogPluginManager: Mounting plugin XCodeSourceCodeAccess
LogPluginManager: Mounting plugin AssetManagerEditor
LogPluginManager: Mounting plugin CryptoKeys
LogPluginManager: Mounting plugin CurveEditorTools
LogPluginManager: Mounting plugin DataValidation
LogPluginManager: Mounting plugin FacialAnimation
LogPluginManager: Mounting plugin GameplayTagsEditor
LogPluginManager: Mounting plugin MacGraphicsSwitching
LogPluginManager: Mounting plugin MaterialAnalyzer
LogPluginManager: Mounting plugin MobileLauncherProfileWizard
LogPluginManager: Mounting plugin PluginBrowser
LogPluginManager: Mounting plugin SpeedTreeImporter
LogPluginManager: Mounting plugin DatasmithContent
LogPluginManager: Mounting plugin VariantManagerContent
LogPluginManager: Mounting plugin AlembicImporter
LogPluginManager: Mounting plugin AutomationUtils
LogPluginManager: Mounting plugin BackChannel
LogPluginManager: Mounting plugin CharacterAI
LogPluginManager: Mounting plugin GeometryCache
LogPluginManager: Mounting plugin HTML5Networking
LogPluginManager: Mounting plugin PlatformCrypto
LogPluginManager: Mounting plugin ProxyLODPlugin
LogPluginManager: Mounting plugin SkeletalReduction
LogPluginManager: Mounting plugin MagicLeap
LogPluginManager: Mounting plugin MagicLeapMedia
LogPluginManager: Mounting plugin AndroidMedia
LogPluginManager: Mounting plugin AvfMedia
LogPluginManager: Mounting plugin ImgMedia
LogPluginManager: Mounting plugin MediaCompositing
LogPluginManager: Mounting plugin MediaPlayerEditor
LogPluginManager: Mounting plugin WebMMedia
LogPluginManager: Mounting plugin WmfMedia
LogPluginManager: Mounting plugin TcpMessaging
LogPluginManager: Mounting plugin UdpMessaging
LogPluginManager: Mounting plugin ActorSequence
LogPluginManager: Mounting plugin LevelSequenceEditor
LogPluginManager: Mounting plugin MatineeToLevelSequence
LogPluginManager: Mounting plugin NetcodeUnitTest
LogPluginManager: Mounting plugin NUTUnrealEngine4
LogPluginManager: Mounting plugin OnlineSubsystemGooglePlay
LogPluginManager: Mounting plugin OnlineSubsystemIOS
LogPluginManager: Mounting plugin OnlineSubsystem
LogPluginManager: Mounting plugin OnlineSubsystemNull
LogPluginManager: Mounting plugin OnlineSubsystemUtils
LogPluginManager: Mounting plugin LauncherChunkInstaller
LogPluginManager: Mounting plugin AndroidDeviceProfileSelector
LogPluginManager: Mounting plugin AndroidMoviePlayer
LogPluginManager: Mounting plugin AndroidPermission
LogPluginManager: Mounting plugin AppleImageUtils
LogPluginManager: Mounting plugin AppleMoviePlayer
LogPluginManager: Mounting plugin ArchVisCharacter
LogPluginManager: Mounting plugin AudioCapture
LogPluginManager: Mounting plugin CableComponent
LogPluginManager: Mounting plugin CustomMeshComponent
LogPluginManager: Mounting plugin EditableMesh
LogPluginManager: Mounting plugin ExampleDeviceProfileSelector
LogPluginManager: Mounting plugin GoogleCloudMessaging
LogPluginManager: Mounting plugin IOSDeviceProfileSelector
LogPluginManager: Mounting plugin LinuxDeviceProfileSelector
LogPluginManager: Mounting plugin LocationServicesBPLibrary
LogPluginManager: Mounting plugin MobilePatchingUtils
LogPluginManager: Mounting plugin OculusVR
LogPluginManager: Mounting plugin PhysXVehicles
LogPluginManager: Mounting plugin ProceduralMeshComponent
LogPluginManager: Mounting plugin RuntimePhysXCooking
LogPluginManager: Mounting plugin SignificanceManager
LogPluginManager: Mounting plugin SteamVR
LogPluginManager: Mounting plugin WebMMoviePlayer
LogPluginManager: Mounting plugin WindowsMoviePlayer
LogPluginManager: Mounting plugin ScreenshotTools
LogInit: Using libcurl 7.55.1-DEV
LogInit:  - built for x86_64-pc-win32
LogInit:  - supports SSL with OpenSSL/1.1.1
LogInit:  - supports HTTP deflate (compression) using libz 1.2.8
LogInit:  - other features:
LogInit:      CURL_VERSION_SSL
LogInit:      CURL_VERSION_LIBZ
LogInit:      CURL_VERSION_IPV6
LogInit:      CURL_VERSION_ASYNCHDNS
LogInit:      CURL_VERSION_LARGEFILE
LogInit:      CURL_VERSION_IDN
LogInit:  CurlRequestOptions (configurable via config and command line):
LogInit:  - bVerifyPeer = true  - Libcurl will verify peer certificate
LogInit:  - bUseHttpProxy = false  - Libcurl will NOT use HTTP proxy
LogInit:  - bDontReuseConnections = false  - Libcurl will reuse connections
LogInit:  - MaxHostConnections = 16  - Libcurl will limit the number of connections to a host
LogInit:  - LocalHostAddr = Default
LogInit:  - BufferSize = 65536
LogOnline: OSS: Creating online subsystem instance for: NULL
LogInit: WinSock: version 1.1 (2.2), MaxSocks=32767, MaxUdp=65467
LogHMD: Failed initializing OVRPlugin 1.37.0
LogInit: Build: ++UE4+Release-4.23-CL-9631420
LogInit: Engine Version: 4.23.1-9631420+++UE4+Release-4.23
LogInit: Compatible Engine Version: 4.23.0-8386587+++UE4+Release-4.23
LogInit: Net CL: 8386587
LogInit: OS: Windows 10 (Release 2009) (), CPU: Intel(R) Core(TM) i5-7400 CPU @ 3.00GHz, GPU: NVIDIA GeForce GTX 1060 3GB
LogInit: Compiled (64-bit): Oct 18 2019 02:07:44
LogInit: Compiled with Visual C++: 19.16.27030.01
LogInit: Build Configuration: Development
LogInit: Branch Name: ++UE4+Release-4.23
LogInit: Command Line: 
LogInit: Base Directory: D:/UE_4.23/Engine/Binaries/Win64/
LogInit: Installed Engine Build: 1
LogDevObjectVersion: Number of dev versions registered: 23
LogDevObjectVersion:   Dev-Blueprints (B0D832E4-1F89-4F0D-ACCF-7EB736FD4AA2): 10
LogDevObjectVersion:   Dev-Build (E1C64328-A22C-4D53-A36C-8E866417BD8C): 0
LogDevObjectVersion:   Dev-Core (375EC13C-06E4-48FB-B500-84F0262A717E): 3
LogDevObjectVersion:   Dev-Editor (E4B068ED-F494-42E9-A231-DA0B2E46BB41): 34
LogDevObjectVersion:   Dev-Framework (CFFC743F-43B0-4480-9391-14DF171D2073): 35
LogDevObjectVersion:   Dev-Mobile (B02B49B5-BB20-44E9-A304-32B752E40360): 2
LogDevObjectVersion:   Dev-Networking (A4E4105C-59A1-49B5-A7C5-40C4547EDFEE): 0
LogDevObjectVersion:   Dev-Online (39C831C9-5AE6-47DC-9A44-9C173E1C8E7C): 0
LogDevObjectVersion:   Dev-Physics (78F01B33-EBEA-4F98-B9B4-84EACCB95AA2): 0
LogDevObjectVersion:   Dev-Platform (6631380F-2D4D-43E0-8009-CF276956A95A): 0
LogDevObjectVersion:   Dev-Rendering (12F88B9F-8875-4AFC-A67C-D90C383ABD29): 31
LogDevObjectVersion:   Dev-Sequencer (7B5AE74C-D270-4C10-A958-57980B212A5A): 11
LogDevObjectVersion:   Dev-VR (D7296918-1DD6-4BDD-9DE2-64A83CC13884): 2
LogDevObjectVersion:   Dev-LoadTimes (C2A15278-BFE7-4AFE-6C17-90FF531DF755): 1
LogDevObjectVersion:   Private-Geometry (6EACA3D4-40EC-4CC1-B786-8BED09428FC5): 3
LogDevObjectVersion:   Dev-AnimPhys (29E575DD-E0A3-4627-9D10-D276232CDCEA): 17
LogDevObjectVersion:   Dev-Anim (AF43A65D-7FD3-4947-9873-3E8ED9C1BB05): 2
LogDevObjectVersion:   Dev-ReflectionCapture (6B266CEC-1EC7-4B8F-A30B-E4D90942FC07): 1
LogDevObjectVersion:   Dev-Automation (0DF73D61-A23F-47EA-B727-89E90C41499A): 1
LogDevObjectVersion:   FortniteMain (601D1886-AC64-4F84-AA16-D3DE0DEAC7D6): 27
LogDevObjectVersion:   Dev-Enterprise (9DFFBCD6-494F-0158-E221-12823C92A888): 6
LogDevObjectVersion:   Dev-Niagara (F2AED0AC-9AFE-416F-8664-AA7FFA26D6FC): 1
LogDevObjectVersion:   Dev-Destruction (174F1F0B-B4C6-45A5-B13F-2EE8D0FB917D): 9
LogInit: Presizing for max 16777216 objects, including 0 objects not considered by GC, pre-allocating 0 bytes for permanent pool.
LogInit: Object subsystem initialized
LogConfig: Setting CVar [[con.DebugEarlyDefault:1]]
LogConfig: Setting CVar [[r.setres:1280x720]]
[2021.03.16-14.20.57:579][  0]LogConfig: Setting CVar [[r.VSync:0]]
[2021.03.16-14.20.57:579][  0]LogConfig: Setting CVar [[r.RHICmdBypass:0]]
[2021.03.16-14.20.57:579][  0]LogConfig: Applying CVar settings from Section [/Script/Engine.RendererSettings] File [C:/xampp/htdocs/GitHub/test/LosingPatience/Saved/Config/Windows/Engine.ini]
[2021.03.16-14.20.57:579][  0]LogConfig: Setting CVar [[r.GPUCrashDebugging:0]]
[2021.03.16-14.20.57:579][  0]LogConfig: Setting CVar [[r.DefaultFeature.AutoExposure.ExtendDefaultLuminanceRange:1]]
[2021.03.16-14.20.57:579][  0]LogConfig: Applying CVar settings from Section [/Script/Engine.RendererOverrideSettings] File [C:/xampp/htdocs/GitHub/test/LosingPatience/Saved/Config/Windows/Engine.ini]
[2021.03.16-14.20.57:579][  0]LogConfig: Applying CVar settings from Section [/Script/Engine.StreamingSettings] File [C:/xampp/htdocs/GitHub/test/LosingPatience/Saved/Config/Windows/Engine.ini]
[2021.03.16-14.20.57:579][  0]LogConfig: Setting CVar [[s.MinBulkDataSizeForAsyncLoading:131072]]
[2021.03.16-14.20.57:579][  0]LogConfig: Setting CVar [[s.AsyncLoadingThreadEnabled:0]]
[2021.03.16-14.20.57:579][  0]LogConfig: Setting CVar [[s.EventDrivenLoaderEnabled:1]]
[2021.03.16-14.20.57:579][  0]LogConfig: Setting CVar [[s.WarnIfTimeLimitExceeded:0]]
[2021.03.16-14.20.57:579][  0]LogConfig: Setting CVar [[s.TimeLimitExceededMultiplier:1.5]]
[2021.03.16-14.20.57:579][  0]LogConfig: Setting CVar [[s.TimeLimitExceededMinTime:0.005]]
[2021.03.16-14.20.57:579][  0]LogConfig: Setting CVar [[s.UseBackgroundLevelStreaming:1]]
[2021.03.16-14.20.57:579][  0]LogConfig: Setting CVar [[s.PriorityAsyncLoadingExtraTime:15.0]]
[2021.03.16-14.20.57:579][  0]LogConfig: Setting CVar [[s.LevelStreamingActorsUpdateTimeLimit:5.0]]
[2021.03.16-14.20.57:579][  0]LogConfig: Setting CVar [[s.PriorityLevelStreamingActorsUpdateExtraTime:5.0]]
[2021.03.16-14.20.57:579][  0]LogConfig: Setting CVar [[s.LevelStreamingComponentsRegistrationGranularity:10]]
[2021.03.16-14.20.57:579][  0]LogConfig: Setting CVar [[s.UnregisterComponentsTimeLimit:1.0]]
[2021.03.16-14.20.57:579][  0]LogConfig: Setting CVar [[s.LevelStreamingComponentsUnregistrationGranularity:5]]
[2021.03.16-14.20.57:579][  0]LogConfig: Applying CVar settings from Section [/Script/Engine.GarbageCollectionSettings] File [C:/xampp/htdocs/GitHub/test/LosingPatience/Saved/Config/Windows/Engine.ini]
[2021.03.16-14.20.57:579][  0]LogConfig: Setting CVar [[gc.MaxObjectsNotConsideredByGC:1]]
[2021.03.16-14.20.57:579][  0]LogConfig: Setting CVar [[gc.SizeOfPermanentObjectPool:0]]
[2021.03.16-14.20.57:579][  0]LogConfig: Setting CVar [[gc.FlushStreamingOnGC:0]]
[2021.03.16-14.20.57:579][  0]LogConfig: Setting CVar [[gc.NumRetriesBeforeForcingGC:10]]
[2021.03.16-14.20.57:579][  0]LogConfig: Setting CVar [[gc.AllowParallelGC:1]]
[2021.03.16-14.20.57:579][  0]LogConfig: Setting CVar [[gc.TimeBetweenPurgingPendingKillObjects:61.1]]
[2021.03.16-14.20.57:579][  0]LogConfig: Setting CVar [[gc.MaxObjectsInEditor:16777216]]
[2021.03.16-14.20.57:579][  0]LogConfig: Setting CVar [[gc.IncrementalBeginDestroyEnabled:1]]
[2021.03.16-14.20.57:579][  0]LogConfig: Setting CVar [[gc.CreateGCClusters:1]]
[2021.03.16-14.20.57:579][  0]LogConfig: Setting CVar [[gc.MinGCClusterSize:5]]
[2021.03.16-14.20.57:579][  0]LogConfig: Setting CVar [[gc.ActorClusteringEnabled:0]]
[2021.03.16-14.20.57:579][  0]LogConfig: Setting CVar [[gc.BlueprintClusteringEnabled:0]]
[2021.03.16-14.20.57:579][  0]LogConfig: Setting CVar [[gc.UseDisregardForGCOnDedicatedServers:0]]
[2021.03.16-14.20.57:579][  0]LogConfig: Applying CVar settings from Section [/Script/Engine.NetworkSettings] File [C:/xampp/htdocs/GitHub/test/LosingPatience/Saved/Config/Windows/Engine.ini]
[2021.03.16-14.20.57:579][  0]LogConfig: Applying CVar settings from Section [/Script/UnrealEd.CookerSettings] File [C:/xampp/htdocs/GitHub/test/LosingPatience/Saved/Config/Windows/Engine.ini]
[2021.03.16-14.20.57:585][  0]LogConfig: Applying CVar settings from Section [ViewDistanceQuality@3] File [C:/xampp/htdocs/GitHub/test/LosingPatience/Saved/Config/Windows/Scalability.ini]
[2021.03.16-14.20.57:585][  0]LogConfig: Setting CVar [[r.SkeletalMeshLODBias:0]]
[2021.03.16-14.20.57:585][  0]LogConfig: Setting CVar [[r.ViewDistanceScale:1.0]]
[2021.03.16-14.20.57:585][  0]LogConfig: Applying CVar settings from Section [AntiAliasingQuality@3] File [C:/xampp/htdocs/GitHub/test/LosingPatience/Saved/Config/Windows/Scalability.ini]
[2021.03.16-14.20.57:585][  0]LogConfig: Setting CVar [[r.PostProcessAAQuality:4]]
[2021.03.16-14.20.57:585][  0]LogConfig: Applying CVar settings from Section [ShadowQuality@3] File [C:/xampp/htdocs/GitHub/test/LosingPatience/Saved/Config/Windows/Scalability.ini]
[2021.03.16-14.20.57:585][  0]LogConfig: Setting CVar [[r.LightFunctionQuality:1]]
[2021.03.16-14.20.57:585][  0]LogConfig: Setting CVar [[r.ShadowQuality:5]]
[2021.03.16-14.20.57:586][  0]LogConfig: Setting CVar [[r.Shadow.CSM.MaxCascades:10]]
[2021.03.16-14.20.57:586][  0]LogConfig: Setting CVar [[r.Shadow.MaxResolution:2048]]
[2021.03.16-14.20.57:586][  0]LogConfig: Setting CVar [[r.Shadow.MaxCSMResolution:2048]]
[2021.03.16-14.20.57:586][  0]LogConfig: Setting CVar [[r.Shadow.RadiusThreshold:0.01]]
[2021.03.16-14.20.57:586][  0]LogConfig: Setting CVar [[r.Shadow.DistanceScale:1.0]]
[2021.03.16-14.20.57:586][  0]LogConfig: Setting CVar [[r.Shadow.CSM.TransitionScale:1.0]]
[2021.03.16-14.20.57:586][  0]LogConfig: Setting CVar [[r.Shadow.PreShadowResolutionFactor:1.0]]
[2021.03.16-14.20.57:586][  0]LogConfig: Setting CVar [[r.DistanceFieldShadowing:1]]
[2021.03.16-14.20.57:586][  0]LogConfig: Setting CVar [[r.DistanceFieldAO:1]]
[2021.03.16-14.20.57:586][  0]LogConfig: Setting CVar [[r.AOQuality:2]]
[2021.03.16-14.20.57:586][  0]LogConfig: Setting CVar [[r.VolumetricFog:1]]
[2021.03.16-14.20.57:586][  0]LogConfig: Setting CVar [[r.VolumetricFog.GridPixelSize:8]]
[2021.03.16-14.20.57:586][  0]LogConfig: Setting CVar [[r.VolumetricFog.GridSizeZ:128]]
[2021.03.16-14.20.57:586][  0]LogConfig: Setting CVar [[r.VolumetricFog.HistoryMissSupersampleCount:4]]
[2021.03.16-14.20.57:586][  0]LogConfig: Setting CVar [[r.LightMaxDrawDistanceScale:1]]
[2021.03.16-14.20.57:586][  0]LogConfig: Setting CVar [[r.CapsuleShadows:1]]
[2021.03.16-14.20.57:586][  0]LogConfig: Applying CVar settings from Section [PostProcessQuality@3] File [C:/xampp/htdocs/GitHub/test/LosingPatience/Saved/Config/Windows/Scalability.ini]
[2021.03.16-14.20.57:586][  0]LogConfig: Setting CVar [[r.MotionBlurQuality:4]]
[2021.03.16-14.20.57:586][  0]LogConfig: Setting CVar [[r.AmbientOcclusionMipLevelFactor:0.4]]
[2021.03.16-14.20.57:586][  0]LogConfig: Setting CVar [[r.AmbientOcclusionMaxQuality:100]]
[2021.03.16-14.20.57:586][  0]LogConfig: Setting CVar [[r.AmbientOcclusionLevels:-1]]
[2021.03.16-14.20.57:586][  0]LogConfig: Setting CVar [[r.AmbientOcclusionRadiusScale:1.0]]
[2021.03.16-14.20.57:586][  0]LogConfig: Setting CVar [[r.DepthOfFieldQuality:2]]
[2021.03.16-14.20.57:586][  0]LogConfig: Setting CVar [[r.RenderTargetPoolMin:400]]
[2021.03.16-14.20.57:586][  0]LogConfig: Setting CVar [[r.LensFlareQuality:2]]
[2021.03.16-14.20.57:586][  0]LogConfig: Setting CVar [[r.SceneColorFringeQuality:1]]
[2021.03.16-14.20.57:586][  0]LogConfig: Setting CVar [[r.EyeAdaptationQuality:2]]
[2021.03.16-14.20.57:586][  0]LogConfig: Setting CVar [[r.BloomQuality:5]]
[2021.03.16-14.20.57:586][  0]LogConfig: Setting CVar [[r.FastBlurThreshold:100]]
[2021.03.16-14.20.57:586][  0]LogConfig: Setting CVar [[r.Upscale.Quality:3]]
[2021.03.16-14.20.57:586][  0]LogConfig: Setting CVar [[r.Tonemapper.GrainQuantization:1]]
[2021.03.16-14.20.57:586][  0]LogConfig: Setting CVar [[r.LightShaftQuality:1]]
[2021.03.16-14.20.57:586][  0]LogConfig: Setting CVar [[r.Filter.SizeScale:1]]
[2021.03.16-14.20.57:586][  0]LogConfig: Setting CVar [[r.Tonemapper.Quality:5]]
[2021.03.16-14.20.57:586][  0]LogConfig: Setting CVar [[r.DOF.Gather.AccumulatorQuality:1        ; higher gathering accumulator quality]]
[2021.03.16-14.20.57:586][  0]LogConfig: Setting CVar [[r.DOF.Gather.PostfilterMethod:1          ; Median3x3 postfilering method]]
[2021.03.16-14.20.57:586][  0]LogConfig: Setting CVar [[r.DOF.Gather.EnableBokehSettings:0       ; no bokeh simulation when gathering]]
[2021.03.16-14.20.57:586][  0]LogConfig: Setting CVar [[r.DOF.Gather.RingCount:4                 ; medium number of samples when gathering]]
[2021.03.16-14.20.57:586][  0]LogConfig: Setting CVar [[r.DOF.Scatter.ForegroundCompositing:1    ; additive foreground scattering]]
[2021.03.16-14.20.57:586][  0]LogConfig: Setting CVar [[r.DOF.Scatter.BackgroundCompositing:2    ; additive background scattering]]
[2021.03.16-14.20.57:586][  0]LogConfig: Setting CVar [[r.DOF.Scatter.EnableBokehSettings:1      ; bokeh simulation when scattering]]
[2021.03.16-14.20.57:586][  0]LogConfig: Setting CVar [[r.DOF.Scatter.MaxSpriteRatio:0.1         ; only a maximum of 10% of scattered bokeh]]
[2021.03.16-14.20.57:586][  0]LogConfig: Setting CVar [[r.DOF.Recombine.Quality:1                ; cheap slight out of focus]]
[2021.03.16-14.20.57:586][  0]LogConfig: Setting CVar [[r.DOF.Recombine.EnableBokehSettings:0    ; no bokeh simulation on slight out of focus]]
[2021.03.16-14.20.57:586][  0]LogConfig: Setting CVar [[r.DOF.TemporalAAQuality:1                ; more stable temporal accumulation]]
[2021.03.16-14.20.57:586][  0]LogConfig: Setting CVar [[r.DOF.Kernel.MaxForegroundRadius:0.025]]
[2021.03.16-14.20.57:586][  0]LogConfig: Setting CVar [[r.DOF.Kernel.MaxBackgroundRadius:0.025]]
[2021.03.16-14.20.57:586][  0]LogConfig: Applying CVar settings from Section [TextureQuality@3] File [C:/xampp/htdocs/GitHub/test/LosingPatience/Saved/Config/Windows/Scalability.ini]
[2021.03.16-14.20.57:586][  0]LogConfig: Setting CVar [[r.Streaming.MipBias:0]]
[2021.03.16-14.20.57:586][  0]LogConfig: Setting CVar [[r.Streaming.AmortizeCPUToGPUCopy:0]]
[2021.03.16-14.20.57:587][  0]LogConfig: Setting CVar [[r.Streaming.MaxNumTexturesToStreamPerFrame:0]]
[2021.03.16-14.20.57:587][  0]LogConfig: Setting CVar [[r.Streaming.Boost:1]]
[2021.03.16-14.20.57:587][  0]LogConfig: Setting CVar [[r.MaxAnisotropy:8]]
[2021.03.16-14.20.57:587][  0]LogConfig: Setting CVar [[r.Streaming.LimitPoolSizeToVRAM:0]]
[2021.03.16-14.20.57:587][  0]LogConfig: Setting CVar [[r.Streaming.PoolSize:1000]]
[2021.03.16-14.20.57:587][  0]LogConfig: Setting CVar [[r.Streaming.MaxEffectiveScreenSize:0]]
[2021.03.16-14.20.57:587][  0]LogConfig: Applying CVar settings from Section [EffectsQuality@3] File [C:/xampp/htdocs/GitHub/test/LosingPatience/Saved/Config/Windows/Scalability.ini]
[2021.03.16-14.20.57:587][  0]LogConfig: Setting CVar [[r.TranslucencyLightingVolumeDim:64]]
[2021.03.16-14.20.57:587][  0]LogConfig: Setting CVar [[r.RefractionQuality:2]]
[2021.03.16-14.20.57:587][  0]LogConfig: Setting CVar [[r.SSR.Quality:3]]
[2021.03.16-14.20.57:587][  0]LogConfig: Setting CVar [[r.SceneColorFormat:4]]
[2021.03.16-14.20.57:587][  0]LogConfig: Setting CVar [[r.DetailMode:2]]
[2021.03.16-14.20.57:587][  0]LogConfig: Setting CVar [[r.TranslucencyVolumeBlur:1]]
[2021.03.16-14.20.57:587][  0]LogConfig: Setting CVar [[r.MaterialQualityLevel:1 ; High quality]]
[2021.03.16-14.20.57:587][  0]LogConfig: Setting CVar [[r.SSS.Scale:1]]
[2021.03.16-14.20.57:587][  0]LogConfig: Setting CVar [[r.SSS.SampleSet:2]]
[2021.03.16-14.20.57:587][  0]LogConfig: Setting CVar [[r.SSS.Quality:1]]
[2021.03.16-14.20.57:587][  0]LogConfig: Setting CVar [[r.SSS.HalfRes:1]]
[2021.03.16-14.20.57:587][  0]LogConfig: Setting CVar [[r.EmitterSpawnRateScale:1.0]]
[2021.03.16-14.20.57:587][  0]LogConfig: Setting CVar [[r.ParticleLightQuality:2]]
[2021.03.16-14.20.57:587][  0]LogConfig: Applying CVar settings from Section [FoliageQuality@3] File [C:/xampp/htdocs/GitHub/test/LosingPatience/Saved/Config/Windows/Scalability.ini]
[2021.03.16-14.20.57:587][  0]LogConfig: Setting CVar [[foliage.DensityScale:1.0]]
[2021.03.16-14.20.57:587][  0]LogConfig: Setting CVar [[grass.DensityScale:1.0]]
[2021.03.16-14.20.57:587][  0]LogInit: Selected Device Profile: [Windows]
[2021.03.16-14.20.57:587][  0]LogInit: Applying CVar settings loaded from the selected device profile: [Windows]
[2021.03.16-14.20.57:590][  0]LogHAL: Display: Platform has ~ 16 GB [17138921472 / 17179869184 / 16], which maps to Larger [LargestMinGB=32, LargerMinGB=12, DefaultMinGB=8, SmallerMinGB=6, SmallestMinGB=0)
[2021.03.16-14.20.57:590][  0]LogInit: Going up to parent DeviceProfile []
[2021.03.16-14.20.57:590][  0]LogConfig: Applying CVar settings from Section [ViewDistanceQuality@Cine] File [C:/xampp/htdocs/GitHub/test/LosingPatience/Saved/Config/Windows/Scalability.ini]
[2021.03.16-14.20.57:590][  0]LogConfig: Setting CVar [[r.SkeletalMeshLODBias:0]]
[2021.03.16-14.20.57:590][  0]LogConfig: Setting CVar [[r.ViewDistanceScale:10.0]]
[2021.03.16-14.20.57:590][  0]LogConfig: Applying CVar settings from Section [AntiAliasingQuality@Cine] File [C:/xampp/htdocs/GitHub/test/LosingPatience/Saved/Config/Windows/Scalability.ini]
[2021.03.16-14.20.57:590][  0]LogConfig: Setting CVar [[r.PostProcessAAQuality:6]]
[2021.03.16-14.20.57:590][  0]LogConfig: Applying CVar settings from Section [ShadowQuality@Cine] File [C:/xampp/htdocs/GitHub/test/LosingPatience/Saved/Config/Windows/Scalability.ini]
[2021.03.16-14.20.57:590][  0]LogConfig: Setting CVar [[r.LightFunctionQuality:1]]
[2021.03.16-14.20.57:590][  0]LogConfig: Setting CVar [[r.ShadowQuality:5]]
[2021.03.16-14.20.57:590][  0]LogConfig: Setting CVar [[r.Shadow.CSM.MaxCascades:10]]
[2021.03.16-14.20.57:590][  0]LogConfig: Setting CVar [[r.Shadow.MaxResolution:4096]]
[2021.03.16-14.20.57:590][  0]LogConfig: Setting CVar [[r.Shadow.MaxCSMResolution:4096]]
[2021.03.16-14.20.57:590][  0]LogConfig: Setting CVar [[r.Shadow.RadiusThreshold:0]]
[2021.03.16-14.20.57:590][  0]LogConfig: Setting CVar [[r.Shadow.DistanceScale:1.0]]
[2021.03.16-14.20.57:590][  0]LogConfig: Setting CVar [[r.Shadow.CSM.TransitionScale:1.0]]
[2021.03.16-14.20.57:590][  0]LogConfig: Setting CVar [[r.Shadow.PreShadowResolutionFactor:1.0]]
[2021.03.16-14.20.57:590][  0]LogConfig: Setting CVar [[r.DistanceFieldShadowing:1]]
[2021.03.16-14.20.57:590][  0]LogConfig: Setting CVar [[r.DistanceFieldAO:1]]
[2021.03.16-14.20.57:590][  0]LogConfig: Setting CVar [[r.AOQuality:2]]
[2021.03.16-14.20.57:590][  0]LogConfig: Setting CVar [[r.VolumetricFog:1]]
[2021.03.16-14.20.57:590][  0]LogConfig: Setting CVar [[r.VolumetricFog.GridPixelSize:4]]
[2021.03.16-14.20.57:590][  0]LogConfig: Setting CVar [[r.VolumetricFog.GridSizeZ:128]]
[2021.03.16-14.20.57:590][  0]LogConfig: Setting CVar [[r.VolumetricFog.HistoryMissSupersampleCount:16]]
[2021.03.16-14.20.57:590][  0]LogConfig: Setting CVar [[r.LightMaxDrawDistanceScale:1]]
[2021.03.16-14.20.57:590][  0]LogConfig: Setting CVar [[r.CapsuleShadows:1]]
[2021.03.16-14.20.57:590][  0]LogConfig: Applying CVar settings from Section [PostProcessQuality@Cine] File [C:/xampp/htdocs/GitHub/test/LosingPatience/Saved/Config/Windows/Scalability.ini]
[2021.03.16-14.20.57:590][  0]LogConfig: Setting CVar [[r.MotionBlurQuality:4]]
[2021.03.16-14.20.57:590][  0]LogConfig: Setting CVar [[r.AmbientOcclusionMipLevelFactor:0.4]]
[2021.03.16-14.20.57:590][  0]LogConfig: Setting CVar [[r.AmbientOcclusionMaxQuality:100]]
[2021.03.16-14.20.57:590][  0]LogConfig: Setting CVar [[r.AmbientOcclusionLevels:-1]]
[2021.03.16-14.20.57:590][  0]LogConfig: Setting CVar [[r.AmbientOcclusionRadiusScale:1.0]]
[2021.03.16-14.20.57:590][  0]LogConfig: Setting CVar [[r.DepthOfFieldQuality:4]]
[2021.03.16-14.20.57:590][  0]LogConfig: Setting CVar [[r.RenderTargetPoolMin:1000]]
[2021.03.16-14.20.57:590][  0]LogConfig: Setting CVar [[r.LensFlareQuality:3]]
[2021.03.16-14.20.57:590][  0]LogConfig: Setting CVar [[r.SceneColorFringeQuality:1]]
[2021.03.16-14.20.57:590][  0]LogConfig: Setting CVar [[r.EyeAdaptationQuality:2]]
[2021.03.16-14.20.57:590][  0]LogConfig: Setting CVar [[r.BloomQuality:5]]
[2021.03.16-14.20.57:590][  0]LogConfig: Setting CVar [[r.FastBlurThreshold:100]]
[2021.03.16-14.20.57:590][  0]LogConfig: Setting CVar [[r.Upscale.Quality:3]]
[2021.03.16-14.20.57:590][  0]LogConfig: Setting CVar [[r.Tonemapper.GrainQuantization:1]]
[2021.03.16-14.20.57:590][  0]LogConfig: Setting CVar [[r.LightShaftQuality:1]]
[2021.03.16-14.20.57:590][  0]LogConfig: Setting CVar [[r.Filter.SizeScale:1]]
[2021.03.16-14.20.57:590][  0]LogConfig: Setting CVar [[r.Tonemapper.Quality:5]]
[2021.03.16-14.20.57:590][  0]LogConfig: Setting CVar [[r.DOF.Gather.AccumulatorQuality:1        ; higher gathering accumulator quality]]
[2021.03.16-14.20.57:590][  0]LogConfig: Setting CVar [[r.DOF.Gather.PostfilterMethod:1          ; Median3x3 postfilering method]]
[2021.03.16-14.20.57:591][  0]LogConfig: Setting CVar [[r.DOF.Gather.EnableBokehSettings:1       ; bokeh simulation when gathering]]
[2021.03.16-14.20.57:591][  0]LogConfig: Setting CVar [[r.DOF.Gather.RingCount:5                 ; high number of samples when gathering]]
[2021.03.16-14.20.57:591][  0]LogConfig: Setting CVar [[r.DOF.Scatter.ForegroundCompositing:1    ; additive foreground scattering]]
[2021.03.16-14.20.57:591][  0]LogConfig: Setting CVar [[r.DOF.Scatter.BackgroundCompositing:2    ; background scattering occlusion]]
[2021.03.16-14.20.57:591][  0]LogConfig: Setting CVar [[r.DOF.Scatter.EnableBokehSettings:1      ; no bokeh simulation when scattering]]
[2021.03.16-14.20.57:591][  0]LogConfig: Setting CVar [[r.DOF.Scatter.MaxSpriteRatio:0.25        ; only a maximum of 10% of scattered bokeh]]
[2021.03.16-14.20.57:591][  0]LogConfig: Setting CVar [[r.DOF.Recombine.Quality:2                ; highest slight out of focus]]
[2021.03.16-14.20.57:591][  0]LogConfig: Setting CVar [[r.DOF.Recombine.EnableBokehSettings:1    ; bokeh simulation on slight out of focus]]
[2021.03.16-14.20.57:591][  0]LogConfig: Setting CVar [[r.DOF.TemporalAAQuality:1                ; more stable temporal accumulation]]
[2021.03.16-14.20.57:591][  0]LogConfig: Setting CVar [[r.DOF.Kernel.MaxForegroundRadius:0.025]]
[2021.03.16-14.20.57:591][  0]LogConfig: Setting CVar [[r.DOF.Kernel.MaxBackgroundRadius:0.025]]
[2021.03.16-14.20.57:591][  0]LogConfig: Applying CVar settings from Section [TextureQuality@Cine] File [C:/xampp/htdocs/GitHub/test/LosingPatience/Saved/Config/Windows/Scalability.ini]
[2021.03.16-14.20.57:591][  0]LogConfig: Setting CVar [[r.Streaming.MipBias:0]]
[2021.03.16-14.20.57:591][  0]LogConfig: Setting CVar [[r.Streaming.AmortizeCPUToGPUCopy:0]]
[2021.03.16-14.20.57:591][  0]LogConfig: Setting CVar [[r.Streaming.MaxNumTexturesToStreamPerFrame:0]]
[2021.03.16-14.20.57:591][  0]LogConfig: Setting CVar [[r.Streaming.Boost:1]]
[2021.03.16-14.20.57:591][  0]LogConfig: Setting CVar [[r.MaxAnisotropy:8]]
[2021.03.16-14.20.57:591][  0]LogConfig: Setting CVar [[r.Streaming.LimitPoolSizeToVRAM:0]]
[2021.03.16-14.20.57:591][  0]LogConfig: Setting CVar [[r.Streaming.PoolSize:3000]]
[2021.03.16-14.20.57:591][  0]LogConfig: Setting CVar [[r.Streaming.MaxEffectiveScreenSize:0]]
[2021.03.16-14.20.57:591][  0]LogConfig: Applying CVar settings from Section [EffectsQuality@Cine] File [C:/xampp/htdocs/GitHub/test/LosingPatience/Saved/Config/Windows/Scalability.ini]
[2021.03.16-14.20.57:591][  0]LogConfig: Setting CVar [[r.TranslucencyLightingVolumeDim:64]]
[2021.03.16-14.20.57:591][  0]LogConfig: Setting CVar [[r.RefractionQuality:2]]
[2021.03.16-14.20.57:591][  0]LogConfig: Setting CVar [[r.SSR.Quality:4]]
[2021.03.16-14.20.57:591][  0]LogConfig: Setting CVar [[r.SceneColorFormat:4]]
[2021.03.16-14.20.57:591][  0]LogConfig: Setting CVar [[r.DetailMode:2]]
[2021.03.16-14.20.57:591][  0]LogConfig: Setting CVar [[r.TranslucencyVolumeBlur:1]]
[2021.03.16-14.20.57:591][  0]LogConfig: Setting CVar [[r.MaterialQualityLevel:1 ; High quality]]
[2021.03.16-14.20.57:591][  0]LogConfig: Setting CVar [[r.SSS.Scale:1]]
[2021.03.16-14.20.57:591][  0]LogConfig: Setting CVar [[r.SSS.SampleSet:2]]
[2021.03.16-14.20.57:591][  0]LogConfig: Setting CVar [[r.SSS.Quality:1]]
[2021.03.16-14.20.57:591][  0]LogConfig: Setting CVar [[r.SSS.HalfRes:0]]
[2021.03.16-14.20.57:591][  0]LogConfig: Setting CVar [[r.EmitterSpawnRateScale:1.0]]
[2021.03.16-14.20.57:591][  0]LogConfig: Setting CVar [[r.ParticleLightQuality:2]]
[2021.03.16-14.20.57:591][  0]LogConfig: Applying CVar settings from Section [FoliageQuality@Cine] File [C:/xampp/htdocs/GitHub/test/LosingPatience/Saved/Config/Windows/Scalability.ini]
[2021.03.16-14.20.57:591][  0]LogConfig: Setting CVar [[foliage.DensityScale:1.0]]
[2021.03.16-14.20.57:591][  0]LogConfig: Setting CVar [[grass.DensityScale:1.0]]
[2021.03.16-14.20.57:591][  0]LogConfig: Applying CVar settings from Section [Startup] File [../../../Engine/Config/ConsoleVariables.ini]
[2021.03.16-14.20.57:591][  0]LogConfig: Setting CVar [[net.UseAdaptiveNetUpdateFrequency:0]]
[2021.03.16-14.20.57:591][  0]LogConfig: Setting CVar [[p.chaos.AllowCreatePhysxBodies:1]]
[2021.03.16-14.20.57:591][  0]LogConfig: Applying CVar settings from Section [ConsoleVariables] File [C:/xampp/htdocs/GitHub/test/LosingPatience/Saved/Config/Windows/Engine.ini]
[2021.03.16-14.20.57:591][  0]LogInit: Computer: MUSTAFA
[2021.03.16-14.20.57:591][  0]LogInit: User: MustafaBolat
[2021.03.16-14.20.57:591][  0]LogInit: CPU Page size=4096, Cores=4
[2021.03.16-14.20.57:591][  0]LogInit: High frequency timer resolution =10.000000 MHz
[2021.03.16-14.20.57:592][  0]LogMemory: Memory total: Physical=16.0GB (16GB approx)
[2021.03.16-14.20.57:592][  0]LogMemory: Platform Memory Stats for Windows
[2021.03.16-14.20.57:592][  0]LogMemory: Process Physical Memory: 105.00 MB used, 105.01 MB peak
[2021.03.16-14.20.57:592][  0]LogMemory: Process Virtual Memory: 103.61 MB used, 103.61 MB peak
[2021.03.16-14.20.57:592][  0]LogMemory: Physical Memory: 5500.71 MB used,  10844.23 MB free, 16344.95 MB total
[2021.03.16-14.20.57:592][  0]LogMemory: Virtual Memory: 4678.85 MB used,  134213048.00 MB free, 134217728.00 MB total
[2021.03.16-14.20.57:596][  0]LogWindows: WindowsPlatformFeatures enabled
[2021.03.16-14.20.57:642][  0]LogInit: Using OS detected language (en-US).
[2021.03.16-14.20.57:642][  0]LogInit: Using OS detected locale (en-NL).
[2021.03.16-14.20.57:642][  0]LogTextLocalizationManager: No specific localization for 'en-US' exists, so the 'en' localization will be used.
[2021.03.16-14.20.57:844][  0]LogInit: Setting process to per monitor DPI aware
[2021.03.16-14.20.57:881][  0]LogSlate: New Slate User Created.  User Index 0, Is Virtual User: 0
[2021.03.16-14.20.57:881][  0]LogSlate: Slate User Registered.  User Index 0, Is Virtual User: 0
[2021.03.16-14.20.58:089][  0]LogHMD: Failed to initialize OpenVR with code 108
[2021.03.16-14.20.58:089][  0]LogD3D11RHI: D3D11 adapters:
[2021.03.16-14.20.58:201][  0]LogD3D11RHI:    0. 'NVIDIA GeForce GTX 1060 3GB' (Feature Level 11_0)
[2021.03.16-14.20.58:201][  0]LogD3D11RHI:       2988/0/8172 MB DedicatedVideo/DedicatedSystem/SharedSystem, Outputs:2, VendorId:0x10de
[2021.03.16-14.20.58:203][  0]LogD3D11RHI:    1. 'Microsoft Basic Render Driver' (Feature Level 11_0)
[2021.03.16-14.20.58:203][  0]LogD3D11RHI:       0/0/8172 MB DedicatedVideo/DedicatedSystem/SharedSystem, Outputs:0, VendorId:0x1414
[2021.03.16-14.20.58:203][  0]LogD3D11RHI: Chosen D3D11 Adapter: 0
[2021.03.16-14.20.58:209][  0]LogD3D11RHI: Creating new Direct3DDevice
[2021.03.16-14.20.58:210][  0]LogD3D11RHI:     GPU DeviceId: 0x1c02 (for the marketing name, search the web for "GPU Device Id")
[2021.03.16-14.20.58:210][  0]LogWindows: EnumDisplayDevices:
[2021.03.16-14.20.58:210][  0]LogWindows:    0. 'NVIDIA GeForce GTX 1060 3GB' (P:1 D:1)
[2021.03.16-14.20.58:210][  0]LogWindows:    1. 'NVIDIA GeForce GTX 1060 3GB' (P:0 D:1)
[2021.03.16-14.20.58:211][  0]LogWindows:    2. 'NVIDIA GeForce GTX 1060 3GB' (P:0 D:0)
[2021.03.16-14.20.58:211][  0]LogWindows:    3. 'NVIDIA GeForce GTX 1060 3GB' (P:0 D:0)
[2021.03.16-14.20.58:211][  0]LogWindows: DebugString: FoundDriverCount:4 
[2021.03.16-14.20.58:211][  0]LogD3D11RHI:     Adapter Name: NVIDIA GeForce GTX 1060 3GB
[2021.03.16-14.20.58:211][  0]LogD3D11RHI:   Driver Version: 460.89 (internal:27.21.14.6089, unified:460.89)
[2021.03.16-14.20.58:211][  0]LogD3D11RHI:      Driver Date: 12-11-2020
[2021.03.16-14.20.58:211][  0]LogRHI: Texture pool is 2091 MB (70% of 2988 MB)
[2021.03.16-14.20.58:306][  0]LogD3D11RHI: Async texture creation enabled
[2021.03.16-14.20.58:327][  0]LogD3D11RHI: GPU Timing Frequency: 1000.000000 (Debug: 2 1)
[2021.03.16-14.20.58:660][  0]LogTemp: Display: Module 'AllDesktopTargetPlatform' loaded TargetPlatform 'AllDesktop'
[2021.03.16-14.20.58:668][  0]LogTemp: Display: Module 'MacClientTargetPlatform' loaded TargetPlatform 'MacClient'
[2021.03.16-14.20.58:677][  0]LogTemp: Display: Module 'MacNoEditorTargetPlatform' loaded TargetPlatform 'MacNoEditor'
[2021.03.16-14.20.58:686][  0]LogTemp: Display: Module 'MacServerTargetPlatform' loaded TargetPlatform 'MacServer'
[2021.03.16-14.20.58:694][  0]LogTemp: Display: Module 'MacTargetPlatform' loaded TargetPlatform 'Mac'
[2021.03.16-14.20.58:703][  0]LogTemp: Display: Module 'WindowsClientTargetPlatform' loaded TargetPlatform 'WindowsClient'
[2021.03.16-14.20.58:713][  0]LogTemp: Display: Module 'WindowsNoEditorTargetPlatform' loaded TargetPlatform 'WindowsNoEditor'
[2021.03.16-14.20.58:721][  0]LogTemp: Display: Module 'WindowsServerTargetPlatform' loaded TargetPlatform 'WindowsServer'
[2021.03.16-14.20.58:725][  0]LogTemp: Display: Module 'WindowsTargetPlatform' loaded TargetPlatform 'Windows'
[2021.03.16-14.20.58:763][  0]LogTemp: Display: Module 'AndroidTargetPlatform' loaded TargetPlatform 'Android'
[2021.03.16-14.20.58:763][  0]LogTemp: Display: Module 'AndroidTargetPlatform' loaded TargetPlatform 'Android_ASTC'
[2021.03.16-14.20.58:763][  0]LogTemp: Display: Module 'AndroidTargetPlatform' loaded TargetPlatform 'Android_ATC'
[2021.03.16-14.20.58:763][  0]LogTemp: Display: Module 'AndroidTargetPlatform' loaded TargetPlatform 'Android_DXT'
[2021.03.16-14.20.58:763][  0]LogTemp: Display: Module 'AndroidTargetPlatform' loaded TargetPlatform 'Android_ETC1'
[2021.03.16-14.20.58:763][  0]LogTemp: Display: Module 'AndroidTargetPlatform' loaded TargetPlatform 'Android_ETC1a'
[2021.03.16-14.20.58:763][  0]LogTemp: Display: Module 'AndroidTargetPlatform' loaded TargetPlatform 'Android_ETC2'
[2021.03.16-14.20.58:763][  0]LogTemp: Display: Module 'AndroidTargetPlatform' loaded TargetPlatform 'Android_PVRTC'
[2021.03.16-14.20.58:763][  0]LogTemp: Display: Module 'AndroidTargetPlatform' loaded TargetPlatform 'AndroidClient'
[2021.03.16-14.20.58:763][  0]LogTemp: Display: Module 'AndroidTargetPlatform' loaded TargetPlatform 'Android_ASTCClient'
[2021.03.16-14.20.58:763][  0]LogTemp: Display: Module 'AndroidTargetPlatform' loaded TargetPlatform 'Android_ATCClient'
[2021.03.16-14.20.58:763][  0]LogTemp: Display: Module 'AndroidTargetPlatform' loaded TargetPlatform 'Android_DXTClient'
[2021.03.16-14.20.58:763][  0]LogTemp: Display: Module 'AndroidTargetPlatform' loaded TargetPlatform 'Android_ETC1Client'
[2021.03.16-14.20.58:763][  0]LogTemp: Display: Module 'AndroidTargetPlatform' loaded TargetPlatform 'Android_ETC1aClient'
[2021.03.16-14.20.58:763][  0]LogTemp: Display: Module 'AndroidTargetPlatform' loaded TargetPlatform 'Android_ETC2Client'
[2021.03.16-14.20.58:763][  0]LogTemp: Display: Module 'AndroidTargetPlatform' loaded TargetPlatform 'Android_PVRTCClient'
[2021.03.16-14.20.58:763][  0]LogTemp: Display: Module 'AndroidTargetPlatform' loaded TargetPlatform 'Android_Multi'
[2021.03.16-14.20.58:763][  0]LogTemp: Display: Module 'AndroidTargetPlatform' loaded TargetPlatform 'Android_MultiClient'
[2021.03.16-14.20.58:765][  0]LogTemp: Display: Module 'HTML5TargetPlatform' loaded TargetPlatform 'HTML5'
[2021.03.16-14.20.58:783][  0]LogTemp: Display: Module 'IOSTargetPlatform' loaded TargetPlatform 'IOSClient'
[2021.03.16-14.20.58:783][  0]LogTemp: Display: Module 'IOSTargetPlatform' loaded TargetPlatform 'IOS'
[2021.03.16-14.20.58:798][  0]LogTemp: Display: Module 'TVOSTargetPlatform' loaded TargetPlatform 'TVOSClient'
[2021.03.16-14.20.58:798][  0]LogTemp: Display: Module 'TVOSTargetPlatform' loaded TargetPlatform 'TVOS'
[2021.03.16-14.20.58:805][  0]LogTemp: Display: Module 'LinuxClientTargetPlatform' loaded TargetPlatform 'LinuxClient'
[2021.03.16-14.20.58:814][  0]LogTemp: Display: Module 'LinuxNoEditorTargetPlatform' loaded TargetPlatform 'LinuxNoEditor'
[2021.03.16-14.20.58:821][  0]LogTemp: Display: Module 'LinuxServerTargetPlatform' loaded TargetPlatform 'LinuxServer'
[2021.03.16-14.20.58:830][  0]LogTemp: Display: Module 'LinuxTargetPlatform' loaded TargetPlatform 'Linux'
[2021.03.16-14.20.58:856][  0]LogTemp: Display: Module 'LuminTargetPlatform' loaded TargetPlatform 'Lumin'
[2021.03.16-14.20.58:856][  0]LogTemp: Display: Module 'LuminTargetPlatform' loaded TargetPlatform 'LuminClient'
[2021.03.16-14.20.58:856][  0]LogTargetPlatformManager: Display: Building Assets For Windows
[2021.03.16-14.20.58:864][  0]LogAudioDebug: Display: Lib vorbis DLL was dynamically loaded.
[2021.03.16-14.20.58:906][  0]LogShaderCompilers: Guid format shader working directory is 11 characters bigger than the processId version (C:/xampp/htdocs/GitHub/test/LosingPatience/Intermediate/Shaders/WorkingDirectory/17680/).
[2021.03.16-14.20.58:906][  0]LogShaderCompilers: Cleaned the shader compiler working directory 'C:/Users/Mustafa Bolat/AppData/Local/Temp/UnrealShaderWorkingDir/EB605B48446DF0DE43A1D1A424D16118/'.
[2021.03.16-14.20.58:907][  0]LogXGEController: Cleaning working directory: C:/Users/Mustafa Bolat/AppData/Local/Temp/UnrealXGEWorkingDir/
[2021.03.16-14.20.58:908][  0]LogXGEController: Cannot use XGE Controller as Incredibuild is not installed on this machine.
[2021.03.16-14.20.58:908][  0]LogShaderCompilers: Cannot use XGE Shader Compiler as Incredibuild is not installed on this machine.
[2021.03.16-14.20.58:908][  0]LogShaderCompilers: Display: Using Local Shader Compiler.
[2021.03.16-14.20.59:602][  0]LogDerivedDataCache: Display: Max Cache Size: 512 MB
[2021.03.16-14.20.59:660][  0]LogDerivedDataCache: Loaded boot cache 0.06s 77MB C:/Users/Mustafa Bolat/AppData/Local/UnrealEngine/4.23/DerivedDataCache/Boot.ddc.
[2021.03.16-14.20.59:660][  0]LogDerivedDataCache: Display: Loaded Boot cache: C:/Users/Mustafa Bolat/AppData/Local/UnrealEngine/4.23/DerivedDataCache/Boot.ddc
[2021.03.16-14.20.59:660][  0]LogDerivedDataCache: FDerivedDataBackendGraph:  Pak pak cache file C:/xampp/htdocs/GitHub/test/LosingPatience/DerivedDataCache/DDC.ddp not found, will not use a pak cache.
[2021.03.16-14.20.59:660][  0]LogDerivedDataCache: Unable to find inner node Pak for hierarchical cache Hierarchy.
[2021.03.16-14.20.59:661][  0]LogDerivedDataCache: FDerivedDataBackendGraph:  CompressedPak pak cache file C:/xampp/htdocs/GitHub/test/LosingPatience/DerivedDataCache/Compressed.ddp not found, will not use a pak cache.
[2021.03.16-14.20.59:661][  0]LogDerivedDataCache: Unable to find inner node CompressedPak for hierarchical cache Hierarchy.
[2021.03.16-14.20.59:673][  0]LogDerivedDataCache: Display: Pak cache opened for reading ../../../Engine/DerivedDataCache/Compressed.ddp.
[2021.03.16-14.20.59:673][  0]LogDerivedDataCache: FDerivedDataBackendGraph:  EnterprisePak pak cache file ../../../Enterprise/DerivedDataCache/Compressed.ddp not found, will not use a pak cache.
[2021.03.16-14.20.59:673][  0]LogDerivedDataCache: Unable to find inner node EnterprisePak for hierarchical cache Hierarchy.
[2021.03.16-14.20.59:675][  0]LogDerivedDataCache: Using Local data cache path C:/Users/Mustafa Bolat/AppData/Local/UnrealEngine/Common/DerivedDataCache: Writable
[2021.03.16-14.20.59:675][  0]LogDerivedDataCache: Shared data cache path not found in *engine.ini, will not use an Shared cache.
[2021.03.16-14.20.59:675][  0]LogDerivedDataCache: Unable to find inner node Shared for hierarchical cache Hierarchy.
[2021.03.16-14.20.59:699][  0]LogMaterial: Verifying Global Shaders for PCD3D_SM5
[2021.03.16-14.20.59:702][  0]LogSlate: Using FreeType 2.6.0
[2021.03.16-14.20.59:703][  0]LogSlate: SlateFontServices - WITH_FREETYPE: 1, WITH_HARFBUZZ: 1
[2021.03.16-14.20.59:762][  0]LogAssetRegistry: FAssetRegistry took 0.0029 seconds to start up
[2021.03.16-14.21.00:062][  0]LogInit: Selected Device Profile: [Windows]
[2021.03.16-14.21.00:219][  0]LogMeshReduction: Using QuadricMeshReduction for automatic static mesh reduction
[2021.03.16-14.21.00:219][  0]LogMeshReduction: Using SimplygonMeshReduction for automatic skeletal mesh reduction
[2021.03.16-14.21.00:219][  0]LogMeshReduction: Using ProxyLODMeshReduction for automatic mesh merging
[2021.03.16-14.21.00:219][  0]LogMeshReduction: No distributed automatic mesh merging module available
[2021.03.16-14.21.00:219][  0]LogMeshMerging: No distributed automatic mesh merging module available
[2021.03.16-14.21.00:231][  0]LogNetVersion: LosingPatience 1.0.0, NetCL: 8386587, EngineNetVer: 11, GameNetVer: 0 (Checksum: 1258438288)
[2021.03.16-14.21.00:684][  0]LogPackageLocalizationCache: Processed 12 localized package path(s) for 1 prioritized culture(s) in 0.052803 seconds
[2021.03.16-14.21.00:691][  0]LogUObjectArray: 43445 objects as part of root set at end of initial load.
[2021.03.16-14.21.00:691][  0]LogUObjectAllocator: 7548872 out of 0 bytes used by permanent object pool.
[2021.03.16-14.21.00:691][  0]LogUObjectArray: CloseDisregardForGC: 0/0 objects in disregard for GC pool
[2021.03.16-14.21.01:590][  0]LogTcpMessaging: Initializing TcpMessaging bridge
[2021.03.16-14.21.01:593][  0]LogUdpMessaging: Initializing bridge on interface 0.0.0.0:0 to multicast group 230.0.0.1:6666.
[2021.03.16-14.21.01:656][  0]SourceControl: Source control is disabled
[2021.03.16-14.21.01:656][  0]SourceControl: Source control is disabled
[2021.03.16-14.21.01:657][  0]SourceControl: Source control is disabled
[2021.03.16-14.21.01:658][  0]SourceControl: Source control is disabled
[2021.03.16-14.21.01:750][  0]LogAndroidPermission: UAndroidPermissionCallbackProxy::GetInstance
[2021.03.16-14.21.01:972][  0]LogOcInput: OculusInput pre-init called
[2021.03.16-14.21.02:657][  0]LogEngine: Initializing Engine...
[2021.03.16-14.21.02:716][  0]LogHMD: Failed to initialize OpenVR with code 108
[2021.03.16-14.21.02:717][  0]LogStats: UGameplayTagsManager::InitializeManager -  0.000 s
[2021.03.16-14.21.02:961][  0]LogInit: Initializing FReadOnlyCVARCache
[2021.03.16-14.21.02:973][  0]LogAIModule: Creating AISystem for world Untitled
[2021.03.16-14.21.03:028][  0]LogInit: XAudio2 using 'Speakers (Logitech G935/G933s Gaming Headset)' : 6 channels at 48 kHz using 16 bits per sample (channel mask 0x3f)
[2021.03.16-14.21.03:052][  0]LogInit: FAudioDevice initialized.
[2021.03.16-14.21.03:052][  0]LogNetVersion: Set ProjectVersion to 1.0.0.0. Version Checksum will be recalculated on next use.
[2021.03.16-14.21.03:180][  0]LogDerivedDataCache: Saved boot cache 0.13s 77MB C:/Users/Mustafa Bolat/AppData/Local/UnrealEngine/4.23/DerivedDataCache/Boot.ddc.
[2021.03.16-14.21.03:186][  0]LogInit: Texture streaming: Enabled
[2021.03.16-14.21.03:202][  0]LogEngineSessionManager: EngineSessionManager initialized
[2021.03.16-14.21.03:202][  0]LogEditorSessionSummary: Verbose: Initializing EditorSessionSummaryWriter for editor session tracking
[2021.03.16-14.21.03:203][  0]LogEditorSessionSummary: EditorSessionSummaryWriter initialized
[2021.03.16-14.21.03:277][  0]LogInit: Transaction tracking system initialized
[2021.03.16-14.21.03:302][  0]BlueprintLog: New page: Editor Load
[2021.03.16-14.21.03:375][  0]LocalizationService: Localization service is disabled
[2021.03.16-14.21.03:608][  0]LogFileCache: Scanning file cache for directory 'C:/xampp/htdocs/GitHub/test/LosingPatience/Content/' took 0.00s
[2021.03.16-14.21.03:608][  0]LogCook: Display: Max memory allowance for cook 16384mb min free memory 0mb
[2021.03.16-14.21.03:608][  0]LogCook: Display: Mobile HDR setting 1
[2021.03.16-14.21.03:785][  0]SourceControl: Source control is disabled
[2021.03.16-14.21.03:786][  0]Cmd: MAP LOAD FILE="C:/xampp/htdocs/GitHub/test/LosingPatience/Content/MM/MM_map.umap" TEMPLATE=0 SHOWPROGRESS=1 FEATURELEVEL=3
[2021.03.16-14.21.03:786][  0]LightingResults: New page: Lighting Build
[2021.03.16-14.21.03:788][  0]LogWorld: UWorld::CleanupWorld for Untitled, bSessionEnded=true, bCleanupResources=true
[2021.03.16-14.21.03:788][  0]MapCheck: New page: Map Check
[2021.03.16-14.21.03:788][  0]LightingResults: New page: Lighting Build
[2021.03.16-14.21.03:815][  0]LogUObjectHash: Compacting FUObjectHashTables data took   2.07ms
[2021.03.16-14.21.03:956][  0]LogAIModule: Creating AISystem for world MM_map
[2021.03.16-14.21.03:959][  0]LogEditorServer: Finished looking for orphan Actors (0.000 secs)
[2021.03.16-14.21.03:983][  0]LogUObjectHash: Compacting FUObjectHashTables data took   2.19ms
[2021.03.16-14.21.03:984][  0]Cmd: MAP CHECKDEP NOCLEARLOG
[2021.03.16-14.21.03:984][  0]MapCheck: Map check complete: 0 Error(s), 0 Warning(s), took 0.173ms to complete.
[2021.03.16-14.21.03:984][  0]LogFileHelpers: Loading map 'MM_map' took 0.198
[2021.03.16-14.21.04:108][  0]LogSlate: Updating window title bar state: overlay mode, drag disabled, window buttons hidden, title bar hidden
[2021.03.16-14.21.04:117][  0]LogSlate: Updating window title bar state: overlay mode, drag disabled, window buttons hidden, title bar hidden
[2021.03.16-14.21.04:123][  0]LogSlate: Updating window title bar state: overlay mode, drag disabled, window buttons hidden, title bar hidden
[2021.03.16-14.21.04:133][  0]LogSlate: Updating window title bar state: overlay mode, drag disabled, window buttons hidden, title bar hidden
[2021.03.16-14.21.04:138][  0]LogCollectionManager: Loaded 0 collections in 0.001114 seconds
[2021.03.16-14.21.04:142][  0]LogFileCache: Scanning file cache for directory 'C:/xampp/htdocs/GitHub/test/LosingPatience/Saved/Collections/' took 0.00s
[2021.03.16-14.21.04:142][  0]LogFileCache: Scanning file cache for directory 'C:/xampp/htdocs/GitHub/test/LosingPatience/Content/Developers/MustafaBolat/Collections/' took 0.00s
[2021.03.16-14.21.04:142][  0]LogFileCache: Scanning file cache for directory 'C:/xampp/htdocs/GitHub/test/LosingPatience/Content/Collections/' took 0.00s
[2021.03.16-14.21.04:142][  0]LogCollectionManager: Rebuilt the GUID cache for 0 collections in 0.000001 seconds
[2021.03.16-14.21.04:152][  0]LogContentBrowser: Native class hierarchy populated in 0.0098 seconds. Added 2863 classes and 680 folders.
[2021.03.16-14.21.04:158][  0]LogContentBrowser: Native class hierarchy updated for 'WidgetCarousel' in 0.0003 seconds. Added 0 classes and 0 folders.
[2021.03.16-14.21.04:196][  0]LogContentBrowser: Native class hierarchy updated for 'AddContentDialog' in 0.0003 seconds. Added 0 classes and 0 folders.
[2021.03.16-14.21.04:202][  0]LogContentBrowser: Native class hierarchy updated for 'SceneOutliner' in 0.0003 seconds. Added 1 classes and 2 folders.
[2021.03.16-14.21.04:272][  0]LogSlate: Took 0.000132 seconds to synchronously load lazily loaded font '../../../Engine/Content/Slate/Fonts/Roboto-Regular.ttf' (155K)
[2021.03.16-14.21.04:274][  0]LogSlate: Took 0.000134 seconds to synchronously load lazily loaded font '../../../Engine/Content/Slate/Fonts/Roboto-Bold.ttf' (160K)
[2021.03.16-14.21.04:279][  0]LogSlate: Took 0.000151 seconds to synchronously load lazily loaded font '../../../Engine/Content/Editor/Slate/Fonts/FontAwesome.ttf' (139K)
[2021.03.16-14.21.04:347][  0]LogRenderer: Reallocating scene render targets to support 1068x620 Format 10 NumSamples 1 (Frame:1).
[2021.03.16-14.21.04:386][  0]LogSlate: Took 0.000219 seconds to synchronously load lazily loaded font '../../../Engine/Content/Slate/Fonts/Roboto-Light.ttf' (167K)
[2021.03.16-14.21.04:452][  0]LogContentBrowser: Native class hierarchy updated for 'HierarchicalLODOutliner' in 0.0003 seconds. Added 0 classes and 0 folders.
[2021.03.16-14.21.04:452][  0]LogLoad: (Engine Initialization) Total time: 8.34 seconds
[2021.03.16-14.21.04:452][  0]LogLoad: (Engine Initialization) Total Blueprint compile time: 0.00 seconds
[2021.03.16-14.21.04:502][  0]LogAssetRegistry: Asset discovery search completed in 4.7406 seconds
[2021.03.16-14.21.04:506][  0]LogCollectionManager: Rebuilt the object cache for 0 collections in 0.000005 seconds (found 0 objects)
[2021.03.16-14.21.04:506][  0]LogCollectionManager: Fixed up redirectors for 0 collections in 0.000069 seconds (updated 0 objects)
[2021.03.16-14.21.04:507][  0]LogContentStreaming: Texture pool size now 3000 MB
[2021.03.16-14.21.04:639][  4]LogEditorViewport: Clicking Background
[2021.03.16-14.21.05:487][ 93]LogSlate: Took 0.000149 seconds to synchronously load lazily loaded font '../../../Engine/Content/Slate/Fonts/Roboto-Light.ttf' (167K)
[2021.03.16-14.21.07:282][290]LogSlate: FSceneViewport::OnFocusLost() reason 0
[2021.03.16-14.21.07:367][297]LogAssetEditorManager: Opening Asset editor for Blueprint /Game/gamePlay/actors/computer.computer
[2021.03.16-14.21.07:606][297]LogContentBrowser: Native class hierarchy updated for 'BlueprintGraph' in 0.0006 seconds. Added 121 classes and 0 folders.
[2021.03.16-14.21.08:489][297]LogAssetEditorManager: Opening Asset editor for WidgetBlueprint /Game/gamePlay/widget/pcWidget.pcWidget
[2021.03.16-14.21.08:854][297]LogAssetEditorManager: Opening Asset editor for Blueprint /Game/gamePlay/characters/myPlayer.myPlayer
[2021.03.16-14.21.09:195][297]LogAssetEditorManager: Opening Asset editor for UserDefinedStruct /Game/gamePlay/clientStructure.clientStructure
[2021.03.16-14.21.09:259][297]LogAssetEditorManager: Opening Asset editor for DataTable /Game/gamePlay/clientTable.clientTable
[2021.03.16-14.21.09:642][297]LogSlate: Took 0.000160 seconds to synchronously load lazily loaded font '../../../Engine/Content/Slate/Fonts/Roboto-BoldCondensed.ttf' (158K)
[2021.03.16-14.21.09:691][298]LogSlate: Took 0.000149 seconds to synchronously load lazily loaded font '../../../Engine/Content/Slate/Fonts/Roboto-Italic.ttf' (157K)
[2021.03.16-14.21.16:088][ 33]LogSlate: Window 'clientTable' being destroyed
[2021.03.16-14.22.02:901][776]LogAIModule: Creating AISystem for world gameMap
[2021.03.16-14.22.02:909][776]LogAssetEditorManager: Opening Asset editor for World /Game/gamePlay/map/gameMap.gameMap
[2021.03.16-14.22.02:974][776]LogUObjectHash: Compacting FUObjectHashTables data took   5.34ms
[2021.03.16-14.22.02:975][776]Cmd: MAP LOAD FILE="C:/xampp/htdocs/GitHub/test/LosingPatience/Content/gamePlay/map/gameMap.umap" TEMPLATE=0 SHOWPROGRESS=1 FEATURELEVEL=3
[2021.03.16-14.22.02:975][776]LightingResults: New page: Lighting Build
[2021.03.16-14.22.02:975][776]LoadErrors: New page: Loading map: gameMap.umap
[2021.03.16-14.22.02:976][776]LogWorld: UWorld::CleanupWorld for MM_map, bSessionEnded=true, bCleanupResources=true
[2021.03.16-14.22.02:976][776]MapCheck: New page: Map Check
[2021.03.16-14.22.02:976][776]LightingResults: New page: Lighting Build
[2021.03.16-14.22.03:016][776]LogUObjectHash: Compacting FUObjectHashTables data took   4.07ms
[2021.03.16-14.22.03:107][776]LogEditorServer: Finished looking for orphan Actors (0.000 secs)
[2021.03.16-14.22.03:150][776]LogUObjectHash: Compacting FUObjectHashTables data took   3.20ms
[2021.03.16-14.22.03:179][776]Cmd: MAP CHECKDEP NOCLEARLOG
[2021.03.16-14.22.03:179][776]MapCheck: Map check complete: 0 Error(s), 0 Warning(s), took 0.174ms to complete.
[2021.03.16-14.22.03:179][776]LogFileHelpers: Loading map 'gameMap' took 0.205
[2021.03.16-14.22.04:458][916]LogEditorSessionSummary: EditorSessionSummary sent report. Type=Shutdown, SessionId={163A9695-47CE-E5BE-DA4E-3BA05BF7156C}
[2021.03.16-14.22.04:458][916]LogEditorSessionSummary: EditorSessionSummary sent report. Type=Shutdown, SessionId={6F783D26-4639-CA03-2762-B5BAA382B6D1}
[2021.03.16-14.22.04:519][923]LogTemp: Repeating last play command: New Editor Window (PIE)
[2021.03.16-14.22.04:552][923]LogBlueprintUserMessages: Early PlayInEditor Detection: Level '/Game/gamePlay/map/gameMap.gameMap:PersistentLevel' has LevelScriptBlueprint '/Game/gamePlay/map/gameMap.gameMap:PersistentLevel.gameMap' with GeneratedClass '/Game/gamePlay/map/gameMap.gameMap_C' with ClassGeneratedBy '/Game/gamePlay/map/gameMap.gameMap:PersistentLevel.gameMap'
[2021.03.16-14.22.04:552][923]LogPlayLevel: PlayLevel: No blueprints needed recompiling
[2021.03.16-14.22.04:552][923]PIE: New page: PIE session: gameMap (Mar 16, 2021, 4:22:04 PM)
[2021.03.16-14.22.04:553][923]LogOnline: OSS: Creating online subsystem instance for: NULL
[2021.03.16-14.22.04:554][923]LogPlayLevel: Creating play world package: /Game/gamePlay/map/UEDPIE_0_gameMap
[2021.03.16-14.22.04:559][923]LogPlayLevel: PIE: StaticDuplicateObject took: (0.004799s)
[2021.03.16-14.22.04:560][923]LogAIModule: Creating AISystem for world gameMap
[2021.03.16-14.22.04:560][923]LogPlayLevel: PIE: World Init took: (0.000975s)
[2021.03.16-14.22.04:560][923]LogPlayLevel: PIE: Created PIE world by copying editor world from /Game/gamePlay/map/gameMap.gameMap to /Game/gamePlay/map/UEDPIE_0_gameMap.gameMap (0.006081s)
[2021.03.16-14.22.04:599][923]LogUObjectHash: Compacting FUObjectHashTables data took   2.93ms
[2021.03.16-14.22.04:630][923]LogInit: XAudio2 using 'Speakers (Logitech G935/G933s Gaming Headset)' : 6 channels at 48 kHz using 16 bits per sample (channel mask 0x3f)
[2021.03.16-14.22.04:646][923]LogInit: FAudioDevice initialized.
[2021.03.16-14.22.04:655][923]LogSlate: Updating window title bar state: overlay mode, drag disabled, window buttons hidden, title bar hidden
[2021.03.16-14.22.04:656][923]LogLoad: Game class is 'myGamemode_C'
[2021.03.16-14.22.04:657][923]LogWorld: Bringing World /Game/gamePlay/map/UEDPIE_0_gameMap.gameMap up for play (max tick rate 0) at 2021.03.16-15.22.04
[2021.03.16-14.22.04:658][923]LogWorld: Bringing up level for play took: 0.001010
[2021.03.16-14.22.04:658][923]LogOnline: OSS: Creating online subsystem instance for: :Context_7
[2021.03.16-14.22.04:663][923]LogContentBrowser: Native class hierarchy updated for 'MovieSceneCapture' in 0.0004 seconds. Added 20 classes and 0 folders.
[2021.03.16-14.22.04:668][923]PIE: Play in editor start time for /Game/gamePlay/map/UEDPIE_0_gameMap 0.354
[2021.03.16-14.22.04:669][923]LogBlueprintUserMessages: Late PlayInEditor Detection: Level '/Game/gamePlay/map/gameMap.gameMap:PersistentLevel' has LevelScriptBlueprint '/Game/gamePlay/map/gameMap.gameMap:PersistentLevel.gameMap' with GeneratedClass '/Game/gamePlay/map/gameMap.gameMap_C' with ClassGeneratedBy '/Game/gamePlay/map/gameMap.gameMap:PersistentLevel.gameMap'
[2021.03.16-14.22.04:706][924]LogRenderer: Reallocating scene render targets to support 1280x720 Format 10 NumSamples 1 (Frame:1).
[2021.03.16-14.22.11:610][607]LogPlayerController: Error: InputMode:UIOnly - Attempting to focus Non-Focusable widget SObjectWidget [Widget.cpp(723)]!
[2021.03.16-14.22.13:974][839]LogSlate: FSceneViewport::OnFocusLost() reason 0
[2021.03.16-14.22.15:425][992]LogBlueprintUserMessages: Early EndPlayMap Detection: Level '/Game/gamePlay/map/gameMap.gameMap:PersistentLevel' has LevelScriptBlueprint '/Game/gamePlay/map/gameMap.gameMap:PersistentLevel.gameMap' with GeneratedClass '/Game/gamePlay/map/gameMap.gameMap_C' with ClassGeneratedBy '/Game/gamePlay/map/gameMap.gameMap:PersistentLevel.gameMap'
[2021.03.16-14.22.15:425][992]LogSlate: Updating window title bar state: overlay mode, drag disabled, window buttons hidden, title bar hidden
[2021.03.16-14.22.15:425][992]LogWorld: BeginTearingDown for /Game/gamePlay/map/UEDPIE_0_gameMap
[2021.03.16-14.22.15:441][992]LogSlate: Window 'LosingPatience Game Preview Standalone (64-bit/PCD3D_SM5)' being destroyed
[2021.03.16-14.22.15:444][992]LogWorld: UWorld::CleanupWorld for gameMap, bSessionEnded=true, bCleanupResources=true
[2021.03.16-14.22.15:454][992]LogPlayLevel: Display: Shutting down PIE online subsystems
[2021.03.16-14.22.15:455][992]LogBlueprintUserMessages: Late EndPlayMap Detection: Level '/Game/gamePlay/map/gameMap.gameMap:PersistentLevel' has LevelScriptBlueprint '/Game/gamePlay/map/gameMap.gameMap:PersistentLevel.gameMap' with GeneratedClass '/Game/gamePlay/map/gameMap.gameMap_C' with ClassGeneratedBy '/Game/gamePlay/map/gameMap.gameMap:PersistentLevel.gameMap'
[2021.03.16-14.22.15:545][992]LogUObjectHash: Compacting FUObjectHashTables data took   4.69ms
[2021.03.16-14.22.15:565][993]LogPlayLevel: Display: Destroying online subsystem :Context_7
[2021.03.16-14.23.41:186][123]BlueprintLog: New page: Compile computer
[2021.03.16-14.23.41:517][123]LogUObjectHash: Compacting FUObjectHashTables data took   5.11ms
[2021.03.16-14.23.52:617][410]BlueprintLog: New page: Compile myPlayer
[2021.03.16-14.23.52:836][410]LogUObjectHash: Compacting FUObjectHashTables data took   4.75ms
[2021.03.16-14.23.55:024][655]LogUObjectHash: Compacting FUObjectHashTables data took   5.07ms
[2021.03.16-14.23.55:042][655]Cmd: OBJ SAVEPACKAGE PACKAGE="/Game/gamePlay/map/gameMap" FILE="C:/xampp/htdocs/GitHub/test/LosingPatience/Content/gamePlay/map/gameMap.umap" SILENT=true AUTOSAVING=false KEEPDIRTY=false
[2021.03.16-14.23.55:080][655]LogUObjectHash: Compacting FUObjectHashTables data took   1.10ms
[2021.03.16-14.23.55:276][655]LogSavePackage: Moving 'C:/xampp/htdocs/GitHub/test/LosingPatience/Saved/gameMapA295508147838208507591ADCF1A33FD.tmp' to 'C:/xampp/htdocs/GitHub/test/LosingPatience/Content/gamePlay/map/gameMap.umap'
[2021.03.16-14.23.55:313][655]LogFileHelpers: Saving map 'gameMap' took 0.272
[2021.03.16-14.23.55:354][655]Cmd: OBJ SAVEPACKAGE PACKAGE="/Game/gamePlay/characters/myPlayer" FILE="C:/xampp/htdocs/GitHub/test/LosingPatience/Content/gamePlay/characters/myPlayer.uasset" SILENT=true
[2021.03.16-14.23.55:417][655]LogSavePackage: Moving 'C:/xampp/htdocs/GitHub/test/LosingPatience/Saved/myPlayerEA670A984A306F5E52EFC58294695BA8.tmp' to 'C:/xampp/htdocs/GitHub/test/LosingPatience/Content/gamePlay/characters/myPlayer.uasset'
[2021.03.16-14.23.55:438][655]Cmd: OBJ SAVEPACKAGE PACKAGE="/Game/gamePlay/actors/computer" FILE="C:/xampp/htdocs/GitHub/test/LosingPatience/Content/gamePlay/actors/computer.uasset" SILENT=true
[2021.03.16-14.23.55:483][655]LogSavePackage: Moving 'C:/xampp/htdocs/GitHub/test/LosingPatience/Saved/computer485344994A57B1BFDE9FB0943D2032DF.tmp' to 'C:/xampp/htdocs/GitHub/test/LosingPatience/Content/gamePlay/actors/computer.uasset'
[2021.03.16-14.24.20:801][549]LogUObjectHash: Compacting FUObjectHashTables data took   3.70ms
