Log file open, 03/17/21 16:48:06
LogWindows: Failed to load 'aqProf.dll' (GetLastError=126)
LogWindows: File 'aqProf.dll' does not exist
LogWindows: Failed to load 'VtuneApi.dll' (GetLastError=126)
LogWindows: File 'VtuneApi.dll' does not exist
LogWindows: Failed to load 'VtuneApi32e.dll' (GetLastError=126)
LogWindows: File 'VtuneApi32e.dll' does not exist
LogConsoleResponse: Display: Failed to find resolution value strings in scalability ini. Falling back to default.
LogInit: Display: Running engine for game: LosingPatience
LogPlatformFile: Not using cached read wrapper
LogTaskGraph: Started task graph with 5 named threads and 23 total threads with 3 sets of task threads.
LogStats: Stats thread started at 3.161614
LogD3D11RHI: Loaded GFSDK_Aftermath_Lib.x64.dll
LogICUInternationalization: ICU TimeZone Detection - Raw Offset: +1:00, Platform Override: ''
LogPluginManager: Mounting plugin Paper2D
LogPluginManager: Mounting plugin AISupport
LogPluginManager: Mounting plugin LightPropagationVolume
LogPluginManager: Mounting plugin ActorLayerUtilities
LogPluginManager: Mounting plugin AnimationSharing
LogPluginManager: Mounting plugin CLionSourceCodeAccess
LogPluginManager: Mounting plugin CodeLiteSourceCodeAccess
LogPluginManager: Mounting plugin GitSourceControl
LogPluginManager: Mounting plugin KDevelopSourceCodeAccess
LogPluginManager: Mounting plugin NullSourceCodeAccess
LogPluginManager: Mounting plugin PerforceSourceControl
LogPluginManager: Mounting plugin SubversionSourceControl
LogPluginManager: Mounting plugin UObjectPlugin
LogPluginManager: Mounting plugin VisualStudioCodeSourceCodeAccess
LogPluginManager: Mounting plugin VisualStudioSourceCodeAccess
LogPluginManager: Mounting plugin XCodeSourceCodeAccess
LogPluginManager: Mounting plugin AssetManagerEditor
LogPluginManager: Mounting plugin CryptoKeys
LogPluginManager: Mounting plugin CurveEditorTools
LogPluginManager: Mounting plugin DataValidation
LogPluginManager: Mounting plugin FacialAnimation
LogPluginManager: Mounting plugin GameplayTagsEditor
LogPluginManager: Mounting plugin MacGraphicsSwitching
LogPluginManager: Mounting plugin MaterialAnalyzer
LogPluginManager: Mounting plugin MobileLauncherProfileWizard
LogPluginManager: Mounting plugin PluginBrowser
LogPluginManager: Mounting plugin SpeedTreeImporter
LogPluginManager: Mounting plugin DatasmithContent
LogPluginManager: Mounting plugin VariantManagerContent
LogPluginManager: Mounting plugin AlembicImporter
LogPluginManager: Mounting plugin AutomationUtils
LogPluginManager: Mounting plugin BackChannel
LogPluginManager: Mounting plugin CharacterAI
LogPluginManager: Mounting plugin GeometryCache
LogPluginManager: Mounting plugin HTML5Networking
LogPluginManager: Mounting plugin PlatformCrypto
LogPluginManager: Mounting plugin ProxyLODPlugin
LogPluginManager: Mounting plugin SkeletalReduction
LogPluginManager: Mounting plugin MagicLeap
LogPluginManager: Mounting plugin MagicLeapMedia
LogPluginManager: Mounting plugin AndroidMedia
LogPluginManager: Mounting plugin AvfMedia
LogPluginManager: Mounting plugin ImgMedia
LogPluginManager: Mounting plugin MediaCompositing
LogPluginManager: Mounting plugin MediaPlayerEditor
LogPluginManager: Mounting plugin WebMMedia
LogPluginManager: Mounting plugin WmfMedia
LogPluginManager: Mounting plugin TcpMessaging
LogPluginManager: Mounting plugin UdpMessaging
LogPluginManager: Mounting plugin ActorSequence
LogPluginManager: Mounting plugin LevelSequenceEditor
LogPluginManager: Mounting plugin MatineeToLevelSequence
LogPluginManager: Mounting plugin NetcodeUnitTest
LogPluginManager: Mounting plugin NUTUnrealEngine4
LogPluginManager: Mounting plugin OnlineSubsystemGooglePlay
LogPluginManager: Mounting plugin OnlineSubsystemIOS
LogPluginManager: Mounting plugin OnlineSubsystem
LogPluginManager: Mounting plugin OnlineSubsystemNull
LogPluginManager: Mounting plugin OnlineSubsystemUtils
LogPluginManager: Mounting plugin LauncherChunkInstaller
LogPluginManager: Mounting plugin AndroidDeviceProfileSelector
LogPluginManager: Mounting plugin AndroidMoviePlayer
LogPluginManager: Mounting plugin AndroidPermission
LogPluginManager: Mounting plugin AppleImageUtils
LogPluginManager: Mounting plugin AppleMoviePlayer
LogPluginManager: Mounting plugin ArchVisCharacter
LogPluginManager: Mounting plugin AudioCapture
LogPluginManager: Mounting plugin CableComponent
LogPluginManager: Mounting plugin CustomMeshComponent
LogPluginManager: Mounting plugin EditableMesh
LogPluginManager: Mounting plugin ExampleDeviceProfileSelector
LogPluginManager: Mounting plugin GoogleCloudMessaging
LogPluginManager: Mounting plugin IOSDeviceProfileSelector
LogPluginManager: Mounting plugin LinuxDeviceProfileSelector
LogPluginManager: Mounting plugin LocationServicesBPLibrary
LogPluginManager: Mounting plugin MobilePatchingUtils
LogPluginManager: Mounting plugin OculusVR
LogPluginManager: Mounting plugin PhysXVehicles
LogPluginManager: Mounting plugin ProceduralMeshComponent
LogPluginManager: Mounting plugin RuntimePhysXCooking
LogPluginManager: Mounting plugin SignificanceManager
LogPluginManager: Mounting plugin SteamVR
LogPluginManager: Mounting plugin WebMMoviePlayer
LogPluginManager: Mounting plugin WindowsMoviePlayer
LogPluginManager: Mounting plugin ScreenshotTools
LogInit: Using libcurl 7.55.1-DEV
LogInit:  - built for x86_64-pc-win32
LogInit:  - supports SSL with OpenSSL/1.1.1
LogInit:  - supports HTTP deflate (compression) using libz 1.2.8
LogInit:  - other features:
LogInit:      CURL_VERSION_SSL
LogInit:      CURL_VERSION_LIBZ
LogInit:      CURL_VERSION_IPV6
LogInit:      CURL_VERSION_ASYNCHDNS
LogInit:      CURL_VERSION_LARGEFILE
LogInit:      CURL_VERSION_IDN
LogInit:  CurlRequestOptions (configurable via config and command line):
LogInit:  - bVerifyPeer = true  - Libcurl will verify peer certificate
LogInit:  - bUseHttpProxy = false  - Libcurl will NOT use HTTP proxy
LogInit:  - bDontReuseConnections = false  - Libcurl will reuse connections
LogInit:  - MaxHostConnections = 16  - Libcurl will limit the number of connections to a host
LogInit:  - LocalHostAddr = Default
LogInit:  - BufferSize = 65536
LogOnline: OSS: Creating online subsystem instance for: NULL
LogInit: WinSock: version 1.1 (2.2), MaxSocks=32767, MaxUdp=65467
LogInit: Build: ++UE4+Release-4.23-CL-9631420
LogInit: Engine Version: 4.23.1-9631420+++UE4+Release-4.23
LogInit: Compatible Engine Version: 4.23.0-8386587+++UE4+Release-4.23
LogInit: Net CL: 8386587
LogInit: OS: Windows 10 (Release 1909) (), CPU: Intel(R) Core(TM) i7-7700K CPU @ 4.20GHz, GPU: NVIDIA GeForce GTX 1080
LogInit: Compiled (64-bit): Oct 18 2019 02:07:44
LogInit: Compiled with Visual C++: 19.16.27030.01
LogInit: Build Configuration: Development
LogInit: Branch Name: ++UE4+Release-4.23
LogInit: Command Line: 
LogInit: Base Directory: D:/Program Files/Epic Games/UE_4.23/Engine/Binaries/Win64/
LogInit: Installed Engine Build: 1
LogDevObjectVersion: Number of dev versions registered: 23
LogDevObjectVersion:   Dev-Blueprints (B0D832E4-1F89-4F0D-ACCF-7EB736FD4AA2): 10
LogDevObjectVersion:   Dev-Build (E1C64328-A22C-4D53-A36C-8E866417BD8C): 0
LogDevObjectVersion:   Dev-Core (375EC13C-06E4-48FB-B500-84F0262A717E): 3
LogDevObjectVersion:   Dev-Editor (E4B068ED-F494-42E9-A231-DA0B2E46BB41): 34
LogDevObjectVersion:   Dev-Framework (CFFC743F-43B0-4480-9391-14DF171D2073): 35
LogDevObjectVersion:   Dev-Mobile (B02B49B5-BB20-44E9-A304-32B752E40360): 2
LogDevObjectVersion:   Dev-Networking (A4E4105C-59A1-49B5-A7C5-40C4547EDFEE): 0
LogDevObjectVersion:   Dev-Online (39C831C9-5AE6-47DC-9A44-9C173E1C8E7C): 0
LogDevObjectVersion:   Dev-Physics (78F01B33-EBEA-4F98-B9B4-84EACCB95AA2): 0
LogDevObjectVersion:   Dev-Platform (6631380F-2D4D-43E0-8009-CF276956A95A): 0
LogDevObjectVersion:   Dev-Rendering (12F88B9F-8875-4AFC-A67C-D90C383ABD29): 31
LogDevObjectVersion:   Dev-Sequencer (7B5AE74C-D270-4C10-A958-57980B212A5A): 11
LogDevObjectVersion:   Dev-VR (D7296918-1DD6-4BDD-9DE2-64A83CC13884): 2
LogDevObjectVersion:   Dev-LoadTimes (C2A15278-BFE7-4AFE-6C17-90FF531DF755): 1
LogDevObjectVersion:   Private-Geometry (6EACA3D4-40EC-4CC1-B786-8BED09428FC5): 3
LogDevObjectVersion:   Dev-AnimPhys (29E575DD-E0A3-4627-9D10-D276232CDCEA): 17
LogDevObjectVersion:   Dev-Anim (AF43A65D-7FD3-4947-9873-3E8ED9C1BB05): 2
LogDevObjectVersion:   Dev-ReflectionCapture (6B266CEC-1EC7-4B8F-A30B-E4D90942FC07): 1
LogDevObjectVersion:   Dev-Automation (0DF73D61-A23F-47EA-B727-89E90C41499A): 1
LogDevObjectVersion:   FortniteMain (601D1886-AC64-4F84-AA16-D3DE0DEAC7D6): 27
LogDevObjectVersion:   Dev-Enterprise (9DFFBCD6-494F-0158-E221-12823C92A888): 6
LogDevObjectVersion:   Dev-Niagara (F2AED0AC-9AFE-416F-8664-AA7FFA26D6FC): 1
LogDevObjectVersion:   Dev-Destruction (174F1F0B-B4C6-45A5-B13F-2EE8D0FB917D): 9
LogInit: Presizing for max 16777216 objects, including 0 objects not considered by GC, pre-allocating 0 bytes for permanent pool.
LogInit: Object subsystem initialized
LogConfig: Setting CVar [[con.DebugEarlyDefault:1]]
LogConfig: Setting CVar [[r.setres:1280x720]]
[2021.03.17-15.48.10:829][  0]LogConfig: Setting CVar [[r.VSync:0]]
[2021.03.17-15.48.10:829][  0]LogConfig: Setting CVar [[r.RHICmdBypass:0]]
[2021.03.17-15.48.10:830][  0]LogConfig: Applying CVar settings from Section [/Script/Engine.RendererSettings] File [D:/Pixalone/test/LosingPatience/Saved/Config/Windows/Engine.ini]
[2021.03.17-15.48.10:830][  0]LogConfig: Setting CVar [[r.GPUCrashDebugging:0]]
[2021.03.17-15.48.10:830][  0]LogConfig: Setting CVar [[r.DefaultFeature.AutoExposure.ExtendDefaultLuminanceRange:1]]
[2021.03.17-15.48.10:830][  0]LogConfig: Applying CVar settings from Section [/Script/Engine.RendererOverrideSettings] File [D:/Pixalone/test/LosingPatience/Saved/Config/Windows/Engine.ini]
[2021.03.17-15.48.10:830][  0]LogConfig: Applying CVar settings from Section [/Script/Engine.StreamingSettings] File [D:/Pixalone/test/LosingPatience/Saved/Config/Windows/Engine.ini]
[2021.03.17-15.48.10:830][  0]LogConfig: Setting CVar [[s.MinBulkDataSizeForAsyncLoading:131072]]
[2021.03.17-15.48.10:830][  0]LogConfig: Setting CVar [[s.AsyncLoadingThreadEnabled:0]]
[2021.03.17-15.48.10:830][  0]LogConfig: Setting CVar [[s.EventDrivenLoaderEnabled:1]]
[2021.03.17-15.48.10:830][  0]LogConfig: Setting CVar [[s.WarnIfTimeLimitExceeded:0]]
[2021.03.17-15.48.10:830][  0]LogConfig: Setting CVar [[s.TimeLimitExceededMultiplier:1.5]]
[2021.03.17-15.48.10:831][  0]LogConfig: Setting CVar [[s.TimeLimitExceededMinTime:0.005]]
[2021.03.17-15.48.10:831][  0]LogConfig: Setting CVar [[s.UseBackgroundLevelStreaming:1]]
[2021.03.17-15.48.10:831][  0]LogConfig: Setting CVar [[s.PriorityAsyncLoadingExtraTime:15.0]]
[2021.03.17-15.48.10:831][  0]LogConfig: Setting CVar [[s.LevelStreamingActorsUpdateTimeLimit:5.0]]
[2021.03.17-15.48.10:831][  0]LogConfig: Setting CVar [[s.PriorityLevelStreamingActorsUpdateExtraTime:5.0]]
[2021.03.17-15.48.10:831][  0]LogConfig: Setting CVar [[s.LevelStreamingComponentsRegistrationGranularity:10]]
[2021.03.17-15.48.10:831][  0]LogConfig: Setting CVar [[s.UnregisterComponentsTimeLimit:1.0]]
[2021.03.17-15.48.10:831][  0]LogConfig: Setting CVar [[s.LevelStreamingComponentsUnregistrationGranularity:5]]
[2021.03.17-15.48.10:831][  0]LogConfig: Applying CVar settings from Section [/Script/Engine.GarbageCollectionSettings] File [D:/Pixalone/test/LosingPatience/Saved/Config/Windows/Engine.ini]
[2021.03.17-15.48.10:831][  0]LogConfig: Setting CVar [[gc.MaxObjectsNotConsideredByGC:1]]
[2021.03.17-15.48.10:831][  0]LogConfig: Setting CVar [[gc.SizeOfPermanentObjectPool:0]]
[2021.03.17-15.48.10:831][  0]LogConfig: Setting CVar [[gc.FlushStreamingOnGC:0]]
[2021.03.17-15.48.10:831][  0]LogConfig: Setting CVar [[gc.NumRetriesBeforeForcingGC:10]]
[2021.03.17-15.48.10:831][  0]LogConfig: Setting CVar [[gc.AllowParallelGC:1]]
[2021.03.17-15.48.10:831][  0]LogConfig: Setting CVar [[gc.TimeBetweenPurgingPendingKillObjects:61.1]]
[2021.03.17-15.48.10:831][  0]LogConfig: Setting CVar [[gc.MaxObjectsInEditor:16777216]]
[2021.03.17-15.48.10:831][  0]LogConfig: Setting CVar [[gc.IncrementalBeginDestroyEnabled:1]]
[2021.03.17-15.48.10:831][  0]LogConfig: Setting CVar [[gc.CreateGCClusters:1]]
[2021.03.17-15.48.10:831][  0]LogConfig: Setting CVar [[gc.MinGCClusterSize:5]]
[2021.03.17-15.48.10:831][  0]LogConfig: Setting CVar [[gc.ActorClusteringEnabled:0]]
[2021.03.17-15.48.10:831][  0]LogConfig: Setting CVar [[gc.BlueprintClusteringEnabled:0]]
[2021.03.17-15.48.10:831][  0]LogConfig: Setting CVar [[gc.UseDisregardForGCOnDedicatedServers:0]]
[2021.03.17-15.48.10:831][  0]LogConfig: Applying CVar settings from Section [/Script/Engine.NetworkSettings] File [D:/Pixalone/test/LosingPatience/Saved/Config/Windows/Engine.ini]
[2021.03.17-15.48.10:831][  0]LogConfig: Applying CVar settings from Section [/Script/UnrealEd.CookerSettings] File [D:/Pixalone/test/LosingPatience/Saved/Config/Windows/Engine.ini]
[2021.03.17-15.48.10:901][  0]LogConfig: Applying CVar settings from Section [ViewDistanceQuality@3] File [D:/Pixalone/test/LosingPatience/Saved/Config/Windows/Scalability.ini]
[2021.03.17-15.48.10:901][  0]LogConfig: Setting CVar [[r.SkeletalMeshLODBias:0]]
[2021.03.17-15.48.10:901][  0]LogConfig: Setting CVar [[r.ViewDistanceScale:1.0]]
[2021.03.17-15.48.10:901][  0]LogConfig: Applying CVar settings from Section [AntiAliasingQuality@3] File [D:/Pixalone/test/LosingPatience/Saved/Config/Windows/Scalability.ini]
[2021.03.17-15.48.10:901][  0]LogConfig: Setting CVar [[r.PostProcessAAQuality:4]]
[2021.03.17-15.48.10:901][  0]LogConfig: Applying CVar settings from Section [ShadowQuality@3] File [D:/Pixalone/test/LosingPatience/Saved/Config/Windows/Scalability.ini]
[2021.03.17-15.48.10:901][  0]LogConfig: Setting CVar [[r.LightFunctionQuality:1]]
[2021.03.17-15.48.10:901][  0]LogConfig: Setting CVar [[r.ShadowQuality:5]]
[2021.03.17-15.48.10:901][  0]LogConfig: Setting CVar [[r.Shadow.CSM.MaxCascades:10]]
[2021.03.17-15.48.10:901][  0]LogConfig: Setting CVar [[r.Shadow.MaxResolution:2048]]
[2021.03.17-15.48.10:901][  0]LogConfig: Setting CVar [[r.Shadow.MaxCSMResolution:2048]]
[2021.03.17-15.48.10:901][  0]LogConfig: Setting CVar [[r.Shadow.RadiusThreshold:0.01]]
[2021.03.17-15.48.10:901][  0]LogConfig: Setting CVar [[r.Shadow.DistanceScale:1.0]]
[2021.03.17-15.48.10:901][  0]LogConfig: Setting CVar [[r.Shadow.CSM.TransitionScale:1.0]]
[2021.03.17-15.48.10:901][  0]LogConfig: Setting CVar [[r.Shadow.PreShadowResolutionFactor:1.0]]
[2021.03.17-15.48.10:901][  0]LogConfig: Setting CVar [[r.DistanceFieldShadowing:1]]
[2021.03.17-15.48.10:901][  0]LogConfig: Setting CVar [[r.DistanceFieldAO:1]]
[2021.03.17-15.48.10:901][  0]LogConfig: Setting CVar [[r.AOQuality:2]]
[2021.03.17-15.48.10:901][  0]LogConfig: Setting CVar [[r.VolumetricFog:1]]
[2021.03.17-15.48.10:901][  0]LogConfig: Setting CVar [[r.VolumetricFog.GridPixelSize:8]]
[2021.03.17-15.48.10:901][  0]LogConfig: Setting CVar [[r.VolumetricFog.GridSizeZ:128]]
[2021.03.17-15.48.10:901][  0]LogConfig: Setting CVar [[r.VolumetricFog.HistoryMissSupersampleCount:4]]
[2021.03.17-15.48.10:901][  0]LogConfig: Setting CVar [[r.LightMaxDrawDistanceScale:1]]
[2021.03.17-15.48.10:901][  0]LogConfig: Setting CVar [[r.CapsuleShadows:1]]
[2021.03.17-15.48.10:901][  0]LogConfig: Applying CVar settings from Section [PostProcessQuality@3] File [D:/Pixalone/test/LosingPatience/Saved/Config/Windows/Scalability.ini]
[2021.03.17-15.48.10:901][  0]LogConfig: Setting CVar [[r.MotionBlurQuality:4]]
[2021.03.17-15.48.10:901][  0]LogConfig: Setting CVar [[r.AmbientOcclusionMipLevelFactor:0.4]]
[2021.03.17-15.48.10:901][  0]LogConfig: Setting CVar [[r.AmbientOcclusionMaxQuality:100]]
[2021.03.17-15.48.10:901][  0]LogConfig: Setting CVar [[r.AmbientOcclusionLevels:-1]]
[2021.03.17-15.48.10:901][  0]LogConfig: Setting CVar [[r.AmbientOcclusionRadiusScale:1.0]]
[2021.03.17-15.48.10:901][  0]LogConfig: Setting CVar [[r.DepthOfFieldQuality:2]]
[2021.03.17-15.48.10:901][  0]LogConfig: Setting CVar [[r.RenderTargetPoolMin:400]]
[2021.03.17-15.48.10:901][  0]LogConfig: Setting CVar [[r.LensFlareQuality:2]]
[2021.03.17-15.48.10:901][  0]LogConfig: Setting CVar [[r.SceneColorFringeQuality:1]]
[2021.03.17-15.48.10:901][  0]LogConfig: Setting CVar [[r.EyeAdaptationQuality:2]]
[2021.03.17-15.48.10:901][  0]LogConfig: Setting CVar [[r.BloomQuality:5]]
[2021.03.17-15.48.10:901][  0]LogConfig: Setting CVar [[r.FastBlurThreshold:100]]
[2021.03.17-15.48.10:901][  0]LogConfig: Setting CVar [[r.Upscale.Quality:3]]
[2021.03.17-15.48.10:901][  0]LogConfig: Setting CVar [[r.Tonemapper.GrainQuantization:1]]
[2021.03.17-15.48.10:901][  0]LogConfig: Setting CVar [[r.LightShaftQuality:1]]
[2021.03.17-15.48.10:901][  0]LogConfig: Setting CVar [[r.Filter.SizeScale:1]]
[2021.03.17-15.48.10:901][  0]LogConfig: Setting CVar [[r.Tonemapper.Quality:5]]
[2021.03.17-15.48.10:901][  0]LogConfig: Setting CVar [[r.DOF.Gather.AccumulatorQuality:1        ; higher gathering accumulator quality]]
[2021.03.17-15.48.10:901][  0]LogConfig: Setting CVar [[r.DOF.Gather.PostfilterMethod:1          ; Median3x3 postfilering method]]
[2021.03.17-15.48.10:901][  0]LogConfig: Setting CVar [[r.DOF.Gather.EnableBokehSettings:0       ; no bokeh simulation when gathering]]
[2021.03.17-15.48.10:901][  0]LogConfig: Setting CVar [[r.DOF.Gather.RingCount:4                 ; medium number of samples when gathering]]
[2021.03.17-15.48.10:901][  0]LogConfig: Setting CVar [[r.DOF.Scatter.ForegroundCompositing:1    ; additive foreground scattering]]
[2021.03.17-15.48.10:901][  0]LogConfig: Setting CVar [[r.DOF.Scatter.BackgroundCompositing:2    ; additive background scattering]]
[2021.03.17-15.48.10:901][  0]LogConfig: Setting CVar [[r.DOF.Scatter.EnableBokehSettings:1      ; bokeh simulation when scattering]]
[2021.03.17-15.48.10:901][  0]LogConfig: Setting CVar [[r.DOF.Scatter.MaxSpriteRatio:0.1         ; only a maximum of 10% of scattered bokeh]]
[2021.03.17-15.48.10:901][  0]LogConfig: Setting CVar [[r.DOF.Recombine.Quality:1                ; cheap slight out of focus]]
[2021.03.17-15.48.10:901][  0]LogConfig: Setting CVar [[r.DOF.Recombine.EnableBokehSettings:0    ; no bokeh simulation on slight out of focus]]
[2021.03.17-15.48.10:902][  0]LogConfig: Setting CVar [[r.DOF.TemporalAAQuality:1                ; more stable temporal accumulation]]
[2021.03.17-15.48.10:902][  0]LogConfig: Setting CVar [[r.DOF.Kernel.MaxForegroundRadius:0.025]]
[2021.03.17-15.48.10:902][  0]LogConfig: Setting CVar [[r.DOF.Kernel.MaxBackgroundRadius:0.025]]
[2021.03.17-15.48.10:902][  0]LogConfig: Applying CVar settings from Section [TextureQuality@3] File [D:/Pixalone/test/LosingPatience/Saved/Config/Windows/Scalability.ini]
[2021.03.17-15.48.10:902][  0]LogConfig: Setting CVar [[r.Streaming.MipBias:0]]
[2021.03.17-15.48.10:902][  0]LogConfig: Setting CVar [[r.Streaming.AmortizeCPUToGPUCopy:0]]
[2021.03.17-15.48.10:902][  0]LogConfig: Setting CVar [[r.Streaming.MaxNumTexturesToStreamPerFrame:0]]
[2021.03.17-15.48.10:902][  0]LogConfig: Setting CVar [[r.Streaming.Boost:1]]
[2021.03.17-15.48.10:902][  0]LogConfig: Setting CVar [[r.MaxAnisotropy:8]]
[2021.03.17-15.48.10:902][  0]LogConfig: Setting CVar [[r.Streaming.LimitPoolSizeToVRAM:0]]
[2021.03.17-15.48.10:902][  0]LogConfig: Setting CVar [[r.Streaming.PoolSize:1000]]
[2021.03.17-15.48.10:902][  0]LogConfig: Setting CVar [[r.Streaming.MaxEffectiveScreenSize:0]]
[2021.03.17-15.48.10:902][  0]LogConfig: Applying CVar settings from Section [EffectsQuality@3] File [D:/Pixalone/test/LosingPatience/Saved/Config/Windows/Scalability.ini]
[2021.03.17-15.48.10:902][  0]LogConfig: Setting CVar [[r.TranslucencyLightingVolumeDim:64]]
[2021.03.17-15.48.10:902][  0]LogConfig: Setting CVar [[r.RefractionQuality:2]]
[2021.03.17-15.48.10:902][  0]LogConfig: Setting CVar [[r.SSR.Quality:3]]
[2021.03.17-15.48.10:902][  0]LogConfig: Setting CVar [[r.SceneColorFormat:4]]
[2021.03.17-15.48.10:902][  0]LogConfig: Setting CVar [[r.DetailMode:2]]
[2021.03.17-15.48.10:902][  0]LogConfig: Setting CVar [[r.TranslucencyVolumeBlur:1]]
[2021.03.17-15.48.10:902][  0]LogConfig: Setting CVar [[r.MaterialQualityLevel:1 ; High quality]]
[2021.03.17-15.48.10:902][  0]LogConfig: Setting CVar [[r.SSS.Scale:1]]
[2021.03.17-15.48.10:902][  0]LogConfig: Setting CVar [[r.SSS.SampleSet:2]]
[2021.03.17-15.48.10:902][  0]LogConfig: Setting CVar [[r.SSS.Quality:1]]
[2021.03.17-15.48.10:902][  0]LogConfig: Setting CVar [[r.SSS.HalfRes:1]]
[2021.03.17-15.48.10:902][  0]LogConfig: Setting CVar [[r.EmitterSpawnRateScale:1.0]]
[2021.03.17-15.48.10:902][  0]LogConfig: Setting CVar [[r.ParticleLightQuality:2]]
[2021.03.17-15.48.10:902][  0]LogConfig: Applying CVar settings from Section [FoliageQuality@3] File [D:/Pixalone/test/LosingPatience/Saved/Config/Windows/Scalability.ini]
[2021.03.17-15.48.10:902][  0]LogConfig: Setting CVar [[foliage.DensityScale:1.0]]
[2021.03.17-15.48.10:902][  0]LogConfig: Setting CVar [[grass.DensityScale:1.0]]
[2021.03.17-15.48.10:908][  0]LogInit: Selected Device Profile: [Windows]
[2021.03.17-15.48.10:915][  0]LogInit: Applying CVar settings loaded from the selected device profile: [Windows]
[2021.03.17-15.48.11:009][  0]LogHAL: Display: Platform has ~ 16 GB [17106059264 / 17179869184 / 16], which maps to Larger [LargestMinGB=32, LargerMinGB=12, DefaultMinGB=8, SmallerMinGB=6, SmallestMinGB=0)
[2021.03.17-15.48.11:009][  0]LogInit: Going up to parent DeviceProfile []
[2021.03.17-15.48.11:023][  0]LogConfig: Applying CVar settings from Section [ViewDistanceQuality@Cine] File [D:/Pixalone/test/LosingPatience/Saved/Config/Windows/Scalability.ini]
[2021.03.17-15.48.11:023][  0]LogConfig: Setting CVar [[r.SkeletalMeshLODBias:0]]
[2021.03.17-15.48.11:023][  0]LogConfig: Setting CVar [[r.ViewDistanceScale:10.0]]
[2021.03.17-15.48.11:023][  0]LogConfig: Applying CVar settings from Section [AntiAliasingQuality@Cine] File [D:/Pixalone/test/LosingPatience/Saved/Config/Windows/Scalability.ini]
[2021.03.17-15.48.11:023][  0]LogConfig: Setting CVar [[r.PostProcessAAQuality:6]]
[2021.03.17-15.48.11:023][  0]LogConfig: Applying CVar settings from Section [ShadowQuality@Cine] File [D:/Pixalone/test/LosingPatience/Saved/Config/Windows/Scalability.ini]
[2021.03.17-15.48.11:023][  0]LogConfig: Setting CVar [[r.LightFunctionQuality:1]]
[2021.03.17-15.48.11:023][  0]LogConfig: Setting CVar [[r.ShadowQuality:5]]
[2021.03.17-15.48.11:023][  0]LogConfig: Setting CVar [[r.Shadow.CSM.MaxCascades:10]]
[2021.03.17-15.48.11:023][  0]LogConfig: Setting CVar [[r.Shadow.MaxResolution:4096]]
[2021.03.17-15.48.11:023][  0]LogConfig: Setting CVar [[r.Shadow.MaxCSMResolution:4096]]
[2021.03.17-15.48.11:023][  0]LogConfig: Setting CVar [[r.Shadow.RadiusThreshold:0]]
[2021.03.17-15.48.11:023][  0]LogConfig: Setting CVar [[r.Shadow.DistanceScale:1.0]]
[2021.03.17-15.48.11:023][  0]LogConfig: Setting CVar [[r.Shadow.CSM.TransitionScale:1.0]]
[2021.03.17-15.48.11:023][  0]LogConfig: Setting CVar [[r.Shadow.PreShadowResolutionFactor:1.0]]
[2021.03.17-15.48.11:023][  0]LogConfig: Setting CVar [[r.DistanceFieldShadowing:1]]
[2021.03.17-15.48.11:023][  0]LogConfig: Setting CVar [[r.DistanceFieldAO:1]]
[2021.03.17-15.48.11:023][  0]LogConfig: Setting CVar [[r.AOQuality:2]]
[2021.03.17-15.48.11:023][  0]LogConfig: Setting CVar [[r.VolumetricFog:1]]
[2021.03.17-15.48.11:023][  0]LogConfig: Setting CVar [[r.VolumetricFog.GridPixelSize:4]]
[2021.03.17-15.48.11:023][  0]LogConfig: Setting CVar [[r.VolumetricFog.GridSizeZ:128]]
[2021.03.17-15.48.11:023][  0]LogConfig: Setting CVar [[r.VolumetricFog.HistoryMissSupersampleCount:16]]
[2021.03.17-15.48.11:023][  0]LogConfig: Setting CVar [[r.LightMaxDrawDistanceScale:1]]
[2021.03.17-15.48.11:023][  0]LogConfig: Setting CVar [[r.CapsuleShadows:1]]
[2021.03.17-15.48.11:023][  0]LogConfig: Applying CVar settings from Section [PostProcessQuality@Cine] File [D:/Pixalone/test/LosingPatience/Saved/Config/Windows/Scalability.ini]
[2021.03.17-15.48.11:023][  0]LogConfig: Setting CVar [[r.MotionBlurQuality:4]]
[2021.03.17-15.48.11:023][  0]LogConfig: Setting CVar [[r.AmbientOcclusionMipLevelFactor:0.4]]
[2021.03.17-15.48.11:023][  0]LogConfig: Setting CVar [[r.AmbientOcclusionMaxQuality:100]]
[2021.03.17-15.48.11:023][  0]LogConfig: Setting CVar [[r.AmbientOcclusionLevels:-1]]
[2021.03.17-15.48.11:023][  0]LogConfig: Setting CVar [[r.AmbientOcclusionRadiusScale:1.0]]
[2021.03.17-15.48.11:023][  0]LogConfig: Setting CVar [[r.DepthOfFieldQuality:4]]
[2021.03.17-15.48.11:023][  0]LogConfig: Setting CVar [[r.RenderTargetPoolMin:1000]]
[2021.03.17-15.48.11:023][  0]LogConfig: Setting CVar [[r.LensFlareQuality:3]]
[2021.03.17-15.48.11:023][  0]LogConfig: Setting CVar [[r.SceneColorFringeQuality:1]]
[2021.03.17-15.48.11:023][  0]LogConfig: Setting CVar [[r.EyeAdaptationQuality:2]]
[2021.03.17-15.48.11:023][  0]LogConfig: Setting CVar [[r.BloomQuality:5]]
[2021.03.17-15.48.11:023][  0]LogConfig: Setting CVar [[r.FastBlurThreshold:100]]
[2021.03.17-15.48.11:023][  0]LogConfig: Setting CVar [[r.Upscale.Quality:3]]
[2021.03.17-15.48.11:023][  0]LogConfig: Setting CVar [[r.Tonemapper.GrainQuantization:1]]
[2021.03.17-15.48.11:023][  0]LogConfig: Setting CVar [[r.LightShaftQuality:1]]
[2021.03.17-15.48.11:023][  0]LogConfig: Setting CVar [[r.Filter.SizeScale:1]]
[2021.03.17-15.48.11:023][  0]LogConfig: Setting CVar [[r.Tonemapper.Quality:5]]
[2021.03.17-15.48.11:023][  0]LogConfig: Setting CVar [[r.DOF.Gather.AccumulatorQuality:1        ; higher gathering accumulator quality]]
[2021.03.17-15.48.11:023][  0]LogConfig: Setting CVar [[r.DOF.Gather.PostfilterMethod:1          ; Median3x3 postfilering method]]
[2021.03.17-15.48.11:023][  0]LogConfig: Setting CVar [[r.DOF.Gather.EnableBokehSettings:1       ; bokeh simulation when gathering]]
[2021.03.17-15.48.11:023][  0]LogConfig: Setting CVar [[r.DOF.Gather.RingCount:5                 ; high number of samples when gathering]]
[2021.03.17-15.48.11:023][  0]LogConfig: Setting CVar [[r.DOF.Scatter.ForegroundCompositing:1    ; additive foreground scattering]]
[2021.03.17-15.48.11:023][  0]LogConfig: Setting CVar [[r.DOF.Scatter.BackgroundCompositing:2    ; background scattering occlusion]]
[2021.03.17-15.48.11:023][  0]LogConfig: Setting CVar [[r.DOF.Scatter.EnableBokehSettings:1      ; no bokeh simulation when scattering]]
[2021.03.17-15.48.11:023][  0]LogConfig: Setting CVar [[r.DOF.Scatter.MaxSpriteRatio:0.25        ; only a maximum of 10% of scattered bokeh]]
[2021.03.17-15.48.11:023][  0]LogConfig: Setting CVar [[r.DOF.Recombine.Quality:2                ; highest slight out of focus]]
[2021.03.17-15.48.11:023][  0]LogConfig: Setting CVar [[r.DOF.Recombine.EnableBokehSettings:1    ; bokeh simulation on slight out of focus]]
[2021.03.17-15.48.11:023][  0]LogConfig: Setting CVar [[r.DOF.TemporalAAQuality:1                ; more stable temporal accumulation]]
[2021.03.17-15.48.11:023][  0]LogConfig: Setting CVar [[r.DOF.Kernel.MaxForegroundRadius:0.025]]
[2021.03.17-15.48.11:023][  0]LogConfig: Setting CVar [[r.DOF.Kernel.MaxBackgroundRadius:0.025]]
[2021.03.17-15.48.11:023][  0]LogConfig: Applying CVar settings from Section [TextureQuality@Cine] File [D:/Pixalone/test/LosingPatience/Saved/Config/Windows/Scalability.ini]
[2021.03.17-15.48.11:023][  0]LogConfig: Setting CVar [[r.Streaming.MipBias:0]]
[2021.03.17-15.48.11:023][  0]LogConfig: Setting CVar [[r.Streaming.AmortizeCPUToGPUCopy:0]]
[2021.03.17-15.48.11:023][  0]LogConfig: Setting CVar [[r.Streaming.MaxNumTexturesToStreamPerFrame:0]]
[2021.03.17-15.48.11:023][  0]LogConfig: Setting CVar [[r.Streaming.Boost:1]]
[2021.03.17-15.48.11:023][  0]LogConfig: Setting CVar [[r.MaxAnisotropy:8]]
[2021.03.17-15.48.11:023][  0]LogConfig: Setting CVar [[r.Streaming.LimitPoolSizeToVRAM:0]]
[2021.03.17-15.48.11:023][  0]LogConfig: Setting CVar [[r.Streaming.PoolSize:3000]]
[2021.03.17-15.48.11:023][  0]LogConfig: Setting CVar [[r.Streaming.MaxEffectiveScreenSize:0]]
[2021.03.17-15.48.11:023][  0]LogConfig: Applying CVar settings from Section [EffectsQuality@Cine] File [D:/Pixalone/test/LosingPatience/Saved/Config/Windows/Scalability.ini]
[2021.03.17-15.48.11:024][  0]LogConfig: Setting CVar [[r.TranslucencyLightingVolumeDim:64]]
[2021.03.17-15.48.11:024][  0]LogConfig: Setting CVar [[r.RefractionQuality:2]]
[2021.03.17-15.48.11:024][  0]LogConfig: Setting CVar [[r.SSR.Quality:4]]
[2021.03.17-15.48.11:024][  0]LogConfig: Setting CVar [[r.SceneColorFormat:4]]
[2021.03.17-15.48.11:024][  0]LogConfig: Setting CVar [[r.DetailMode:2]]
[2021.03.17-15.48.11:024][  0]LogConfig: Setting CVar [[r.TranslucencyVolumeBlur:1]]
[2021.03.17-15.48.11:024][  0]LogConfig: Setting CVar [[r.MaterialQualityLevel:1 ; High quality]]
[2021.03.17-15.48.11:024][  0]LogConfig: Setting CVar [[r.SSS.Scale:1]]
[2021.03.17-15.48.11:024][  0]LogConfig: Setting CVar [[r.SSS.SampleSet:2]]
[2021.03.17-15.48.11:024][  0]LogConfig: Setting CVar [[r.SSS.Quality:1]]
[2021.03.17-15.48.11:024][  0]LogConfig: Setting CVar [[r.SSS.HalfRes:0]]
[2021.03.17-15.48.11:024][  0]LogConfig: Setting CVar [[r.EmitterSpawnRateScale:1.0]]
[2021.03.17-15.48.11:024][  0]LogConfig: Setting CVar [[r.ParticleLightQuality:2]]
[2021.03.17-15.48.11:024][  0]LogConfig: Applying CVar settings from Section [FoliageQuality@Cine] File [D:/Pixalone/test/LosingPatience/Saved/Config/Windows/Scalability.ini]
[2021.03.17-15.48.11:024][  0]LogConfig: Setting CVar [[foliage.DensityScale:1.0]]
[2021.03.17-15.48.11:024][  0]LogConfig: Setting CVar [[grass.DensityScale:1.0]]
[2021.03.17-15.48.11:024][  0]LogConfig: Applying CVar settings from Section [Startup] File [../../../Engine/Config/ConsoleVariables.ini]
[2021.03.17-15.48.11:042][  0]LogConfig: Setting CVar [[net.UseAdaptiveNetUpdateFrequency:0]]
[2021.03.17-15.48.11:042][  0]LogConfig: Setting CVar [[p.chaos.AllowCreatePhysxBodies:1]]
[2021.03.17-15.48.11:042][  0]LogConfig: Applying CVar settings from Section [ConsoleVariables] File [D:/Pixalone/test/LosingPatience/Saved/Config/Windows/Engine.ini]
[2021.03.17-15.48.11:073][  0]LogInit: Computer: JOEYCOMPUTER
[2021.03.17-15.48.11:073][  0]LogInit: User: joeym
[2021.03.17-15.48.11:073][  0]LogInit: CPU Page size=4096, Cores=4
[2021.03.17-15.48.11:073][  0]LogInit: High frequency timer resolution =10.000000 MHz
[2021.03.17-15.48.11:089][  0]LogMemory: Memory total: Physical=15.9GB (16GB approx)
[2021.03.17-15.48.11:089][  0]LogMemory: Platform Memory Stats for Windows
[2021.03.17-15.48.11:089][  0]LogMemory: Process Physical Memory: 100.82 MB used, 100.82 MB peak
[2021.03.17-15.48.11:089][  0]LogMemory: Process Virtual Memory: 88.56 MB used, 88.56 MB peak
[2021.03.17-15.48.11:089][  0]LogMemory: Physical Memory: 8659.14 MB used,  7654.46 MB free, 16313.61 MB total
[2021.03.17-15.48.11:089][  0]LogMemory: Virtual Memory: 4656.58 MB used,  134213072.00 MB free, 134217728.00 MB total
[2021.03.17-15.48.11:096][  0]LogWindows: WindowsPlatformFeatures enabled
[2021.03.17-15.48.12:077][  0]LogInit: Using OS detected language (nl-NL).
[2021.03.17-15.48.12:078][  0]LogInit: Using OS detected locale (nl-NL).
[2021.03.17-15.48.12:151][  0]LogTextLocalizationManager: No localization for 'nl-NL' exists, so 'en' will be used for the language.
[2021.03.17-15.48.12:978][  0]LogInit: Setting process to per monitor DPI aware
[2021.03.17-15.48.13:841][  0]LogSlate: New Slate User Created.  User Index 0, Is Virtual User: 0
[2021.03.17-15.48.13:841][  0]LogSlate: Slate User Registered.  User Index 0, Is Virtual User: 0
[2021.03.17-15.48.17:638][  0]LogHMD: Failed to initialize OpenVR with code 102
[2021.03.17-15.48.17:638][  0]LogD3D11RHI: D3D11 adapters:
[2021.03.17-15.48.17:735][  0]LogD3D11RHI:    0. 'NVIDIA GeForce GTX 1080' (Feature Level 11_0)
[2021.03.17-15.48.17:735][  0]LogD3D11RHI:       8079/0/8156 MB DedicatedVideo/DedicatedSystem/SharedSystem, Outputs:2, VendorId:0x10de
[2021.03.17-15.48.17:738][  0]LogD3D11RHI:    1. 'Microsoft Basic Render Driver' (Feature Level 11_0)
[2021.03.17-15.48.17:738][  0]LogD3D11RHI:       0/0/8156 MB DedicatedVideo/DedicatedSystem/SharedSystem, Outputs:0, VendorId:0x1414
[2021.03.17-15.48.17:738][  0]LogD3D11RHI: Chosen D3D11 Adapter: 0
[2021.03.17-15.48.17:762][  0]LogD3D11RHI: Creating new Direct3DDevice
[2021.03.17-15.48.17:762][  0]LogD3D11RHI:     GPU DeviceId: 0x1b80 (for the marketing name, search the web for "GPU Device Id")
[2021.03.17-15.48.17:762][  0]LogWindows: EnumDisplayDevices:
[2021.03.17-15.48.17:762][  0]LogWindows:    0. 'NVIDIA GeForce GTX 1080' (P:0 D:1)
[2021.03.17-15.48.17:763][  0]LogWindows:    1. 'NVIDIA GeForce GTX 1080' (P:1 D:1)
[2021.03.17-15.48.17:763][  0]LogWindows:    2. 'NVIDIA GeForce GTX 1080' (P:0 D:0)
[2021.03.17-15.48.17:763][  0]LogWindows:    3. 'NVIDIA GeForce GTX 1080' (P:0 D:0)
[2021.03.17-15.48.17:763][  0]LogWindows: DebugString: FoundDriverCount:4 
[2021.03.17-15.48.17:763][  0]LogD3D11RHI:     Adapter Name: NVIDIA GeForce GTX 1080
[2021.03.17-15.48.17:764][  0]LogD3D11RHI:   Driver Version: 461.40 (internal:27.21.14.6140, unified:461.40)
[2021.03.17-15.48.17:764][  0]LogD3D11RHI:      Driver Date: 1-22-2021
[2021.03.17-15.48.17:764][  0]LogRHI: Texture pool is 5655 MB (70% of 8079 MB)
[2021.03.17-15.48.17:875][  0]LogD3D11RHI: Async texture creation enabled
[2021.03.17-15.48.18:108][  0]LogD3D11RHI: GPU Timing Frequency: 1000.000000 (Debug: 2 1)
[2021.03.17-15.48.19:449][  0]LogTemp: Display: Module 'AllDesktopTargetPlatform' loaded TargetPlatform 'AllDesktop'
[2021.03.17-15.48.19:522][  0]LogTemp: Display: Module 'MacClientTargetPlatform' loaded TargetPlatform 'MacClient'
[2021.03.17-15.48.19:553][  0]LogTemp: Display: Module 'MacNoEditorTargetPlatform' loaded TargetPlatform 'MacNoEditor'
[2021.03.17-15.48.19:589][  0]LogTemp: Display: Module 'MacServerTargetPlatform' loaded TargetPlatform 'MacServer'
[2021.03.17-15.48.19:695][  0]LogTemp: Display: Module 'MacTargetPlatform' loaded TargetPlatform 'Mac'
[2021.03.17-15.48.19:758][  0]LogTemp: Display: Module 'WindowsClientTargetPlatform' loaded TargetPlatform 'WindowsClient'
[2021.03.17-15.48.19:805][  0]LogTemp: Display: Module 'WindowsNoEditorTargetPlatform' loaded TargetPlatform 'WindowsNoEditor'
[2021.03.17-15.48.19:845][  0]LogTemp: Display: Module 'WindowsServerTargetPlatform' loaded TargetPlatform 'WindowsServer'
[2021.03.17-15.48.19:919][  0]LogTemp: Display: Module 'WindowsTargetPlatform' loaded TargetPlatform 'Windows'
[2021.03.17-15.48.20:133][  0]LogTemp: Display: Module 'AndroidTargetPlatform' loaded TargetPlatform 'Android'
[2021.03.17-15.48.20:133][  0]LogTemp: Display: Module 'AndroidTargetPlatform' loaded TargetPlatform 'Android_ASTC'
[2021.03.17-15.48.20:133][  0]LogTemp: Display: Module 'AndroidTargetPlatform' loaded TargetPlatform 'Android_ATC'
[2021.03.17-15.48.20:133][  0]LogTemp: Display: Module 'AndroidTargetPlatform' loaded TargetPlatform 'Android_DXT'
[2021.03.17-15.48.20:133][  0]LogTemp: Display: Module 'AndroidTargetPlatform' loaded TargetPlatform 'Android_ETC1'
[2021.03.17-15.48.20:133][  0]LogTemp: Display: Module 'AndroidTargetPlatform' loaded TargetPlatform 'Android_ETC1a'
[2021.03.17-15.48.20:133][  0]LogTemp: Display: Module 'AndroidTargetPlatform' loaded TargetPlatform 'Android_ETC2'
[2021.03.17-15.48.20:133][  0]LogTemp: Display: Module 'AndroidTargetPlatform' loaded TargetPlatform 'Android_PVRTC'
[2021.03.17-15.48.20:133][  0]LogTemp: Display: Module 'AndroidTargetPlatform' loaded TargetPlatform 'AndroidClient'
[2021.03.17-15.48.20:133][  0]LogTemp: Display: Module 'AndroidTargetPlatform' loaded TargetPlatform 'Android_ASTCClient'
[2021.03.17-15.48.20:133][  0]LogTemp: Display: Module 'AndroidTargetPlatform' loaded TargetPlatform 'Android_ATCClient'
[2021.03.17-15.48.20:133][  0]LogTemp: Display: Module 'AndroidTargetPlatform' loaded TargetPlatform 'Android_DXTClient'
[2021.03.17-15.48.20:133][  0]LogTemp: Display: Module 'AndroidTargetPlatform' loaded TargetPlatform 'Android_ETC1Client'
[2021.03.17-15.48.20:133][  0]LogTemp: Display: Module 'AndroidTargetPlatform' loaded TargetPlatform 'Android_ETC1aClient'
[2021.03.17-15.48.20:133][  0]LogTemp: Display: Module 'AndroidTargetPlatform' loaded TargetPlatform 'Android_ETC2Client'
[2021.03.17-15.48.20:133][  0]LogTemp: Display: Module 'AndroidTargetPlatform' loaded TargetPlatform 'Android_PVRTCClient'
[2021.03.17-15.48.20:133][  0]LogTemp: Display: Module 'AndroidTargetPlatform' loaded TargetPlatform 'Android_Multi'
[2021.03.17-15.48.20:133][  0]LogTemp: Display: Module 'AndroidTargetPlatform' loaded TargetPlatform 'Android_MultiClient'
[2021.03.17-15.48.20:165][  0]LogTemp: Display: Module 'HTML5TargetPlatform' loaded TargetPlatform 'HTML5'
[2021.03.17-15.48.20:400][  0]LogTemp: Display: Module 'IOSTargetPlatform' loaded TargetPlatform 'IOSClient'
[2021.03.17-15.48.20:400][  0]LogTemp: Display: Module 'IOSTargetPlatform' loaded TargetPlatform 'IOS'
[2021.03.17-15.48.20:439][  0]LogTemp: Display: Module 'TVOSTargetPlatform' loaded TargetPlatform 'TVOSClient'
[2021.03.17-15.48.20:439][  0]LogTemp: Display: Module 'TVOSTargetPlatform' loaded TargetPlatform 'TVOS'
[2021.03.17-15.48.20:472][  0]LogTemp: Display: Module 'LinuxClientTargetPlatform' loaded TargetPlatform 'LinuxClient'
[2021.03.17-15.48.20:500][  0]LogTemp: Display: Module 'LinuxNoEditorTargetPlatform' loaded TargetPlatform 'LinuxNoEditor'
[2021.03.17-15.48.20:531][  0]LogTemp: Display: Module 'LinuxServerTargetPlatform' loaded TargetPlatform 'LinuxServer'
[2021.03.17-15.48.20:576][  0]LogTemp: Display: Module 'LinuxTargetPlatform' loaded TargetPlatform 'Linux'
[2021.03.17-15.48.20:687][  0]LogTemp: Display: Module 'LuminTargetPlatform' loaded TargetPlatform 'Lumin'
[2021.03.17-15.48.20:687][  0]LogTemp: Display: Module 'LuminTargetPlatform' loaded TargetPlatform 'LuminClient'
[2021.03.17-15.48.20:687][  0]LogTargetPlatformManager: Display: Building Assets For Windows
[2021.03.17-15.48.20:984][  0]LogAudioDebug: Display: Lib vorbis DLL was dynamically loaded.
[2021.03.17-15.48.21:871][  0]LogShaderCompilers: Guid format shader working directory is 0 characters bigger than the processId version (../../../../../../Pixalone/test/LosingPatience/Intermediate/Shaders/WorkingDirectory/2868/).
[2021.03.17-15.48.21:871][  0]LogShaderCompilers: Cleaned the shader compiler working directory 'C:/Users/joeym/AppData/Local/Temp/UnrealShaderWorkingDir/3EF5DD634604BEF6221DC4BB30C6F6E3/'.
[2021.03.17-15.48.21:904][  0]LogXGEController: Cannot use XGE Controller as Incredibuild is not installed on this machine.
[2021.03.17-15.48.21:905][  0]LogShaderCompilers: Cannot use XGE Shader Compiler as Incredibuild is not installed on this machine.
[2021.03.17-15.48.21:905][  0]LogShaderCompilers: Display: Using Local Shader Compiler.
[2021.03.17-15.48.28:139][  0]LogDerivedDataCache: Display: Max Cache Size: 512 MB
[2021.03.17-15.48.28:241][  0]LogDerivedDataCache: Loaded boot cache 0.10s 74MB C:/Users/joeym/AppData/Local/UnrealEngine/4.23/DerivedDataCache/Boot.ddc.
[2021.03.17-15.48.28:241][  0]LogDerivedDataCache: Display: Loaded Boot cache: C:/Users/joeym/AppData/Local/UnrealEngine/4.23/DerivedDataCache/Boot.ddc
[2021.03.17-15.48.28:241][  0]LogDerivedDataCache: FDerivedDataBackendGraph:  Pak pak cache file ../../../../../../Pixalone/test/LosingPatience/DerivedDataCache/DDC.ddp not found, will not use a pak cache.
[2021.03.17-15.48.28:241][  0]LogDerivedDataCache: Unable to find inner node Pak for hierarchical cache Hierarchy.
[2021.03.17-15.48.28:241][  0]LogDerivedDataCache: FDerivedDataBackendGraph:  CompressedPak pak cache file ../../../../../../Pixalone/test/LosingPatience/DerivedDataCache/Compressed.ddp not found, will not use a pak cache.
[2021.03.17-15.48.28:241][  0]LogDerivedDataCache: Unable to find inner node CompressedPak for hierarchical cache Hierarchy.
[2021.03.17-15.48.28:348][  0]LogDerivedDataCache: Display: Pak cache opened for reading ../../../Engine/DerivedDataCache/Compressed.ddp.
[2021.03.17-15.48.28:428][  0]LogDerivedDataCache: Display: Pak cache opened for reading ../../../Enterprise/DerivedDataCache/Compressed.ddp.
[2021.03.17-15.48.28:430][  0]LogDerivedDataCache: Using Local data cache path C:/Users/joeym/AppData/Local/UnrealEngine/Common/DerivedDataCache: Writable
[2021.03.17-15.48.28:430][  0]LogDerivedDataCache: Shared data cache path not found in *engine.ini, will not use an Shared cache.
[2021.03.17-15.48.28:430][  0]LogDerivedDataCache: Unable to find inner node Shared for hierarchical cache Hierarchy.
[2021.03.17-15.48.28:576][  0]LogMaterial: Verifying Global Shaders for PCD3D_SM5
[2021.03.17-15.48.28:678][  0]LogSlate: Using FreeType 2.6.0
[2021.03.17-15.48.28:833][  0]LogSlate: SlateFontServices - WITH_FREETYPE: 1, WITH_HARFBUZZ: 1
[2021.03.17-15.48.30:721][  0]LogAssetRegistry: FAssetRegistry took 0.0059 seconds to start up
[2021.03.17-15.48.42:844][  0]LogInit: Selected Device Profile: [Windows]
[2021.03.17-15.48.46:531][  0]LogMeshReduction: Using QuadricMeshReduction for automatic static mesh reduction
[2021.03.17-15.48.46:531][  0]LogMeshReduction: Using SimplygonMeshReduction for automatic skeletal mesh reduction
[2021.03.17-15.48.46:531][  0]LogMeshReduction: Using ProxyLODMeshReduction for automatic mesh merging
[2021.03.17-15.48.46:531][  0]LogMeshReduction: No distributed automatic mesh merging module available
[2021.03.17-15.48.46:555][  0]LogMeshMerging: No distributed automatic mesh merging module available
[2021.03.17-15.48.47:730][  0]LogNetVersion: LosingPatience 1.0.0, NetCL: 8386587, EngineNetVer: 11, GameNetVer: 0 (Checksum: 1258438288)
[2021.03.17-15.48.57:598][  0]LogPackageLocalizationCache: Processed 12 localized package path(s) for 1 prioritized culture(s) in 0.307314 seconds
[2021.03.17-15.48.57:675][  0]LogUObjectArray: 43445 objects as part of root set at end of initial load.
[2021.03.17-15.48.57:675][  0]LogUObjectAllocator: 7548872 out of 0 bytes used by permanent object pool.
[2021.03.17-15.48.57:675][  0]LogUObjectArray: CloseDisregardForGC: 0/0 objects in disregard for GC pool
[2021.03.17-15.49.28:267][  0]LogTcpMessaging: Initializing TcpMessaging bridge
[2021.03.17-15.49.28:450][  0]LogUdpMessaging: Initializing bridge on interface 0.0.0.0:0 to multicast group 230.0.0.1:6666.
[2021.03.17-15.49.29:468][  0]SourceControl: Source control is disabled
[2021.03.17-15.49.29:469][  0]SourceControl: Source control is disabled
[2021.03.17-15.49.29:614][  0]SourceControl: Source control is disabled
[2021.03.17-15.49.29:648][  0]SourceControl: Source control is disabled
[2021.03.17-15.49.31:525][  0]LogAndroidPermission: UAndroidPermissionCallbackProxy::GetInstance
[2021.03.17-15.49.32:516][  0]LogOcInput: OculusInput pre-init called
[2021.03.17-15.49.32:665][  0]LogWindows: Failed to load 'OVRPlugin.dll' (GetLastError=126)
[2021.03.17-15.49.32:665][  0]LogWindows: File 'OVRPlugin.dll' does not exist
[2021.03.17-15.49.35:123][  0]LogEngine: Initializing Engine...
[2021.03.17-15.49.35:192][  0]LogHMD: Failed to initialize OpenVR with code 102
[2021.03.17-15.49.35:295][  0]LogStats: UGameplayTagsManager::InitializeManager -  0.049 s
[2021.03.17-15.49.35:941][  0]LogInit: Initializing FReadOnlyCVARCache
[2021.03.17-15.49.36:818][  0]LogAIModule: Creating AISystem for world Untitled
[2021.03.17-15.49.37:196][  0]LogInit: XAudio2 using 'Hoofdtelefoon (3- Arctis 7 Game)' : 2 channels at 48 kHz using 16 bits per sample (channel mask 0x3)
[2021.03.17-15.49.37:236][  0]LogInit: FAudioDevice initialized.
[2021.03.17-15.49.37:245][  0]LogNetVersion: Set ProjectVersion to 1.0.0.0. Version Checksum will be recalculated on next use.
[2021.03.17-15.49.37:301][  0]LogDerivedDataCache: Saved boot cache 0.06s 74MB C:/Users/joeym/AppData/Local/UnrealEngine/4.23/DerivedDataCache/Boot.ddc.
[2021.03.17-15.49.37:308][  0]LogInit: Texture streaming: Enabled
[2021.03.17-15.49.37:651][  0]LogEngineSessionManager: EngineSessionManager initialized
[2021.03.17-15.49.37:652][  0]LogEditorSessionSummary: Verbose: Initializing EditorSessionSummaryWriter for editor session tracking
[2021.03.17-15.49.37:653][  0]LogEditorSessionSummary: EditorSessionSummaryWriter initialized
[2021.03.17-15.49.38:126][  0]LogInit: Transaction tracking system initialized
[2021.03.17-15.49.38:737][  0]BlueprintLog: New page: Editor Load
[2021.03.17-15.49.40:227][  0]LocalizationService: Localization service is disabled
[2021.03.17-15.49.45:032][  0]LogFileCache: Scanning file cache for directory 'D:/Pixalone/test/LosingPatience/Content/' took 0.04s
[2021.03.17-15.49.45:032][  0]LogCook: Display: Max memory allowance for cook 16384mb min free memory 0mb
[2021.03.17-15.49.45:034][  0]LogCook: Display: Mobile HDR setting 1
[2021.03.17-15.49.50:388][  0]SourceControl: Source control is disabled
[2021.03.17-15.49.50:447][  0]Cmd: MAP LOAD FILE="../../../../../../Pixalone/test/LosingPatience/Content/MM/MM_map.umap" TEMPLATE=0 SHOWPROGRESS=1 FEATURELEVEL=3
[2021.03.17-15.49.50:475][  0]LightingResults: New page: Lighting Build
[2021.03.17-15.49.50:824][  0]LogWorld: UWorld::CleanupWorld for Untitled, bSessionEnded=true, bCleanupResources=true
[2021.03.17-15.49.50:973][  0]MapCheck: New page: Map Check
[2021.03.17-15.49.50:973][  0]LightingResults: New page: Lighting Build
[2021.03.17-15.49.51:588][  0]LogUObjectHash: Compacting FUObjectHashTables data took   1.39ms
[2021.03.17-15.49.52:466][  0]LogAIModule: Creating AISystem for world MM_map
[2021.03.17-15.49.52:841][  0]LogEditorServer: Finished looking for orphan Actors (0.000 secs)
[2021.03.17-15.49.53:049][  0]LogUObjectHash: Compacting FUObjectHashTables data took   1.51ms
[2021.03.17-15.49.53:049][  0]Cmd: MAP CHECKDEP NOCLEARLOG
[2021.03.17-15.49.53:050][  0]MapCheck: Map check complete: 0 Error(s), 0 Warning(s), took 1,705ms to complete.
[2021.03.17-15.49.53:051][  0]LogFileHelpers: Loading map 'MM_map' took 2.618
[2021.03.17-15.49.55:395][  0]LogSlate: Updating window title bar state: overlay mode, drag disabled, window buttons hidden, title bar hidden
[2021.03.17-15.49.55:423][  0]LogSlate: Updating window title bar state: overlay mode, drag disabled, window buttons hidden, title bar hidden
[2021.03.17-15.49.55:429][  0]LogSlate: Updating window title bar state: overlay mode, drag disabled, window buttons hidden, title bar hidden
[2021.03.17-15.49.55:435][  0]LogSlate: Updating window title bar state: overlay mode, drag disabled, window buttons hidden, title bar hidden
[2021.03.17-15.49.55:598][  0]LogCollectionManager: Loaded 0 collections in 0.001279 seconds
[2021.03.17-15.49.55:777][  0]LogFileCache: Scanning file cache for directory 'D:/Pixalone/test/LosingPatience/Saved/Collections/' took 0.00s
[2021.03.17-15.49.55:777][  0]LogFileCache: Scanning file cache for directory 'D:/Pixalone/test/LosingPatience/Content/Developers/joeym/Collections/' took 0.00s
[2021.03.17-15.49.55:778][  0]LogFileCache: Scanning file cache for directory 'D:/Pixalone/test/LosingPatience/Content/Collections/' took 0.00s
[2021.03.17-15.49.55:778][  0]LogCollectionManager: Rebuilt the GUID cache for 0 collections in 0.000002 seconds
[2021.03.17-15.49.55:791][  0]LogContentBrowser: Native class hierarchy populated in 0.0078 seconds. Added 2863 classes and 680 folders.
[2021.03.17-15.49.55:985][  0]LogContentBrowser: Native class hierarchy updated for 'WidgetCarousel' in 0.0003 seconds. Added 0 classes and 0 folders.
[2021.03.17-15.49.57:639][  0]LogContentBrowser: Native class hierarchy updated for 'AddContentDialog' in 0.0002 seconds. Added 0 classes and 0 folders.
[2021.03.17-15.49.57:785][  0]LogContentBrowser: Native class hierarchy updated for 'SceneOutliner' in 0.0003 seconds. Added 1 classes and 2 folders.
[2021.03.17-15.49.58:737][  0]LogContentBrowser: Native class hierarchy updated for 'WorldBrowser' in 0.0003 seconds. Added 2 classes and 3 folders.
[2021.03.17-15.49.59:092][  0]LogSlate: Took 0.034961 seconds to synchronously load lazily loaded font '../../../Engine/Content/Slate/Fonts/Roboto-Regular.ttf' (155K)
[2021.03.17-15.49.59:154][  0]LogSlate: Took 0.040353 seconds to synchronously load lazily loaded font '../../../Engine/Content/Slate/Fonts/Roboto-Bold.ttf' (160K)
[2021.03.17-15.49.59:429][  0]LogSlate: Took 0.022895 seconds to synchronously load lazily loaded font '../../../Engine/Content/Editor/Slate/Fonts/FontAwesome.ttf' (139K)
[2021.03.17-15.50.00:428][  0]LogRenderer: Reallocating scene render targets to support 1176x520 Format 10 NumSamples 1 (Frame:1).
[2021.03.17-15.50.01:435][  0]LogSlate: Took 0.018492 seconds to synchronously load lazily loaded font '../../../Engine/Content/Slate/Fonts/Roboto-Light.ttf' (167K)
[2021.03.17-15.50.01:884][  0]LogContentBrowser: Native class hierarchy updated for 'HierarchicalLODOutliner' in 0.0003 seconds. Added 0 classes and 0 folders.
[2021.03.17-15.50.01:884][  0]LogLoad: (Engine Initialization) Total time: 133.42 seconds
[2021.03.17-15.50.01:884][  0]LogLoad: (Engine Initialization) Total Blueprint compile time: 0.00 seconds
[2021.03.17-15.50.02:830][  0]LogContentStreaming: Texture pool size now 3000 MB
[2021.03.17-15.50.03:317][  1]LogRenderer: Reallocating scene render targets to support 1176x536 Format 10 NumSamples 1 (Frame:2).
[2021.03.17-15.50.03:590][  1]LogFileCache: Retrieving MD5 hashes for directory 'D:/Pixalone/test/LosingPatience/Content/' took 1.23s
[2021.03.17-15.50.04:005][  2]LogSlate: Took 0.000227 seconds to synchronously load lazily loaded font '../../../Engine/Content/Slate/Fonts/Roboto-Light.ttf' (167K)
[2021.03.17-15.50.04:131][  3]LogAssetRegistry: Asset discovery search completed in 93.4117 seconds
[2021.03.17-15.50.04:191][  3]LogCollectionManager: Rebuilt the object cache for 0 collections in 0.015389 seconds (found 0 objects)
[2021.03.17-15.50.04:191][  3]LogCollectionManager: Fixed up redirectors for 0 collections in 0.015471 seconds (updated 0 objects)
[2021.03.17-15.50.31:669][ 85]LogSlate: FSceneViewport::OnFocusLost() reason 0
[2021.03.17-15.50.47:819][847]LogUObjectHash: Compacting FUObjectHashTables data took   0.52ms
[2021.03.17-15.50.55:665][581]LogAIModule: Creating AISystem for world gameMap
[2021.03.17-15.50.56:090][581]LogAssetEditorManager: Opening Asset editor for World /Game/gamePlay/map/gameMap.gameMap
[2021.03.17-15.50.56:261][581]LogUObjectHash: Compacting FUObjectHashTables data took   1.96ms
[2021.03.17-15.50.56:300][581]Cmd: MAP LOAD FILE="../../../../../../Pixalone/test/LosingPatience/Content/gamePlay/map/gameMap.umap" TEMPLATE=0 SHOWPROGRESS=1 FEATURELEVEL=3
[2021.03.17-15.50.56:301][581]LightingResults: New page: Lighting Build
[2021.03.17-15.50.56:301][581]LoadErrors: New page: Loading map: gameMap.umap
[2021.03.17-15.50.56:302][581]LogWorld: UWorld::CleanupWorld for MM_map, bSessionEnded=true, bCleanupResources=true
[2021.03.17-15.50.56:512][581]MapCheck: New page: Map Check
[2021.03.17-15.50.56:512][581]LightingResults: New page: Lighting Build
[2021.03.17-15.50.56:612][581]LogUObjectHash: Compacting FUObjectHashTables data took   1.47ms
[2021.03.17-15.50.57:195][581]LogEditorServer: Finished looking for orphan Actors (0.000 secs)
[2021.03.17-15.50.57:218][581]LogUObjectHash: Compacting FUObjectHashTables data took   1.27ms
[2021.03.17-15.50.57:259][581]Cmd: MAP CHECKDEP NOCLEARLOG
[2021.03.17-15.50.57:260][581]MapCheck: Map check complete: 0 Error(s), 0 Warning(s), took 0,275ms to complete.
[2021.03.17-15.50.57:260][581]LogFileHelpers: Loading map 'gameMap' took 0.999
[2021.03.17-15.51.01:228][939]LogSlate: FSceneViewport::OnFocusLost() reason 0
[2021.03.17-15.51.01:954][  2]LogEditorSessionSummary: EditorSessionSummary sent report. Type=Shutdown, SessionId={8D7DFCA8-4EE3-E65E-54C2-2FB691E08AB0}
[2021.03.17-15.51.03:490][172]LogAssetEditorManager: Opening Asset editor for Blueprint /Game/gamePlay/characters/myPlayer.myPlayer
[2021.03.17-15.51.04:411][172]LogContentBrowser: Native class hierarchy updated for 'BlueprintGraph' in 0.0006 seconds. Added 121 classes and 0 folders.
[2021.03.17-15.51.07:093][172]LogSlate: Took 0.024638 seconds to synchronously load lazily loaded font '../../../Engine/Content/Slate/Fonts/Roboto-BoldCondensed.ttf' (158K)
[2021.03.17-15.51.07:769][173]LogSlate: Took 0.020436 seconds to synchronously load lazily loaded font '../../../Engine/Content/Slate/Fonts/Roboto-Italic.ttf' (157K)
[2021.03.17-15.51.09:699][353]LogTemp: Repeating last play command: New Editor Window (PIE)
[2021.03.17-15.51.09:779][353]LogBlueprintUserMessages: Early PlayInEditor Detection: Level '/Game/gamePlay/map/gameMap.gameMap:PersistentLevel' has LevelScriptBlueprint '/Game/gamePlay/map/gameMap.gameMap:PersistentLevel.gameMap' with GeneratedClass '/Game/gamePlay/map/gameMap.gameMap_C' with ClassGeneratedBy '/Game/gamePlay/map/gameMap.gameMap:PersistentLevel.gameMap'
[2021.03.17-15.51.09:814][353]LogPlayLevel: PlayLevel: No blueprints needed recompiling
[2021.03.17-15.51.09:907][353]PIE: New page: PIE session: gameMap (17 mrt. 2021 17:51:09)
[2021.03.17-15.51.09:998][353]LogOnline: OSS: Creating online subsystem instance for: NULL
[2021.03.17-15.51.10:013][353]LogPlayLevel: Creating play world package: /Game/gamePlay/map/UEDPIE_0_gameMap
[2021.03.17-15.51.10:048][353]LogPlayLevel: PIE: StaticDuplicateObject took: (0.035259s)
[2021.03.17-15.51.10:064][353]LogAIModule: Creating AISystem for world gameMap
[2021.03.17-15.51.10:078][353]LogPlayLevel: PIE: World Init took: (0.029184s)
[2021.03.17-15.51.10:094][353]LogPlayLevel: PIE: Created PIE world by copying editor world from /Game/gamePlay/map/gameMap.gameMap to /Game/gamePlay/map/UEDPIE_0_gameMap.gameMap (0.081275s)
[2021.03.17-15.51.10:219][353]LogUObjectHash: Compacting FUObjectHashTables data took   2.81ms
[2021.03.17-15.51.10:283][353]LogInit: XAudio2 using 'Hoofdtelefoon (3- Arctis 7 Game)' : 2 channels at 48 kHz using 16 bits per sample (channel mask 0x3)
[2021.03.17-15.51.10:318][353]LogInit: FAudioDevice initialized.
[2021.03.17-15.51.10:378][353]LogSlate: Updating window title bar state: overlay mode, drag disabled, window buttons hidden, title bar hidden
[2021.03.17-15.51.10:381][353]LogLoad: Game class is 'myGamemode_C'
[2021.03.17-15.51.10:555][353]LogWorld: Bringing World /Game/gamePlay/map/UEDPIE_0_gameMap.gameMap up for play (max tick rate 0) at 2021.03.17-16.51.10
[2021.03.17-15.51.10:577][353]LogWorld: Bringing up level for play took: 0.021510
[2021.03.17-15.51.10:638][353]LogOnline: OSS: Creating online subsystem instance for: :Context_5
[2021.03.17-15.51.10:893][353]LogContentBrowser: Native class hierarchy updated for 'MovieSceneCapture' in 0.0004 seconds. Added 20 classes and 0 folders.
[2021.03.17-15.51.11:155][353]PIE: Play in editor start time for /Game/gamePlay/map/UEDPIE_0_gameMap 1,592
[2021.03.17-15.51.11:156][353]LogBlueprintUserMessages: Late PlayInEditor Detection: Level '/Game/gamePlay/map/gameMap.gameMap:PersistentLevel' has LevelScriptBlueprint '/Game/gamePlay/map/gameMap.gameMap:PersistentLevel.gameMap' with GeneratedClass '/Game/gamePlay/map/gameMap.gameMap_C' with ClassGeneratedBy '/Game/gamePlay/map/gameMap.gameMap:PersistentLevel.gameMap'
[2021.03.17-15.51.11:514][354]LogRenderer: Reallocating scene render targets to support 1280x720 Format 10 NumSamples 1 (Frame:1).
[2021.03.17-15.51.15:283][739]LogBlueprintUserMessages: [computer_2] not valid
[2021.03.17-15.51.19:490][213]LogSlate: FSceneViewport::OnFocusLost() reason 0
[2021.03.17-15.51.23:755][713]LogBlueprintUserMessages: [computer_2] valid
[2021.03.17-15.51.24:406][789]LogBlueprintUserMessages: [computer_2] not valid
[2021.03.17-15.51.24:890][841]LogBlueprintUserMessages: Early EndPlayMap Detection: Level '/Game/gamePlay/map/gameMap.gameMap:PersistentLevel' has LevelScriptBlueprint '/Game/gamePlay/map/gameMap.gameMap:PersistentLevel.gameMap' with GeneratedClass '/Game/gamePlay/map/gameMap.gameMap_C' with ClassGeneratedBy '/Game/gamePlay/map/gameMap.gameMap:PersistentLevel.gameMap'
[2021.03.17-15.51.24:924][841]LogSlate: Updating window title bar state: overlay mode, drag disabled, window buttons hidden, title bar hidden
[2021.03.17-15.51.24:925][841]LogWorld: BeginTearingDown for /Game/gamePlay/map/UEDPIE_0_gameMap
[2021.03.17-15.51.24:940][841]LogSlate: Window 'LosingPatience Game Preview Standalone (64-bit/PCD3D_SM5)' being destroyed
[2021.03.17-15.51.24:979][841]LogWorld: UWorld::CleanupWorld for gameMap, bSessionEnded=true, bCleanupResources=true
[2021.03.17-15.51.25:127][841]LogPlayLevel: Display: Shutting down PIE online subsystems
[2021.03.17-15.51.25:127][841]LogBlueprintUserMessages: Late EndPlayMap Detection: Level '/Game/gamePlay/map/gameMap.gameMap:PersistentLevel' has LevelScriptBlueprint '/Game/gamePlay/map/gameMap.gameMap:PersistentLevel.gameMap' with GeneratedClass '/Game/gamePlay/map/gameMap.gameMap_C' with ClassGeneratedBy '/Game/gamePlay/map/gameMap.gameMap:PersistentLevel.gameMap'
[2021.03.17-15.51.25:472][841]LogUObjectHash: Compacting FUObjectHashTables data took   3.44ms
[2021.03.17-15.51.25:502][842]LogPlayLevel: Display: Destroying online subsystem :Context_5
[2021.03.17-15.51.48:042][427]LogAssetEditorManager: Opening Asset editor for WidgetBlueprint /Game/gamePlay/widget/Main_ComputerInterface/WB_MainInterface.WB_MainInterface
[2021.03.17-15.51.52:612][730]LogAssetEditorManager: Opening Asset editor for WidgetBlueprint /Game/gamePlay/widget/Main_ComputerInterface/WB_mailService.WB_mailService
[2021.03.17-15.52.26:166][940]LogSavePackage: Moving '../../../../../../Pixalone/test/LosingPatience/Saved/WB_MainInterfaceA7FC001340BFCE39DB14BC9DA7126297.tmp' to '../../../../../../Pixalone/test/LosingPatience/Content/gamePlay/widget/Main_ComputerInterface/WB_MainInterface.uasset'
[2021.03.17-15.52.26:580][983]LogTemp: Repeating last play command: New Editor Window (PIE)
[2021.03.17-15.52.26:613][983]LogBlueprintUserMessages: Early PlayInEditor Detection: Level '/Game/gamePlay/map/gameMap.gameMap:PersistentLevel' has LevelScriptBlueprint '/Game/gamePlay/map/gameMap.gameMap:PersistentLevel.gameMap' with GeneratedClass '/Game/gamePlay/map/gameMap.gameMap_C' with ClassGeneratedBy '/Game/gamePlay/map/gameMap.gameMap:PersistentLevel.gameMap'
[2021.03.17-15.52.26:613][983]BlueprintLog: New page: Pre-Play auto-recompile
[2021.03.17-15.52.26:639][983]LogPlayLevel: [PlayLevel] Compiling WB_mailService before play...
[2021.03.17-15.52.27:576][983]LogUObjectHash: Compacting FUObjectHashTables data took   4.83ms
[2021.03.17-15.52.27:576][983]LogPlayLevel: PlayLevel: Blueprint regeneration took 963 ms (1 blueprints)
[2021.03.17-15.52.27:576][983]PIE: New page: PIE session: gameMap (17 mrt. 2021 17:52:27)
[2021.03.17-15.52.27:577][983]LogPlayLevel: Creating play world package: /Game/gamePlay/map/UEDPIE_0_gameMap
[2021.03.17-15.52.27:581][983]LogPlayLevel: PIE: StaticDuplicateObject took: (0.003952s)
[2021.03.17-15.52.27:582][983]LogAIModule: Creating AISystem for world gameMap
[2021.03.17-15.52.27:582][983]LogPlayLevel: PIE: World Init took: (0.000878s)
[2021.03.17-15.52.27:582][983]LogPlayLevel: PIE: Created PIE world by copying editor world from /Game/gamePlay/map/gameMap.gameMap to /Game/gamePlay/map/UEDPIE_0_gameMap.gameMap (0.004985s)
[2021.03.17-15.52.27:619][983]LogUObjectHash: Compacting FUObjectHashTables data took   3.52ms
[2021.03.17-15.52.27:648][983]LogInit: XAudio2 using 'Hoofdtelefoon (3- Arctis 7 Game)' : 2 channels at 48 kHz using 16 bits per sample (channel mask 0x3)
[2021.03.17-15.52.27:679][983]LogInit: FAudioDevice initialized.
[2021.03.17-15.52.27:686][983]LogSlate: Updating window title bar state: overlay mode, drag disabled, window buttons hidden, title bar hidden
[2021.03.17-15.52.27:686][983]LogLoad: Game class is 'myGamemode_C'
[2021.03.17-15.52.27:688][983]LogWorld: Bringing World /Game/gamePlay/map/UEDPIE_0_gameMap.gameMap up for play (max tick rate 0) at 2021.03.17-16.52.27
[2021.03.17-15.52.27:688][983]LogWorld: Bringing up level for play took: 0.001030
[2021.03.17-15.52.27:688][983]LogOnline: OSS: Creating online subsystem instance for: :Context_10
[2021.03.17-15.52.27:695][983]PIE: Play in editor start time for /Game/gamePlay/map/UEDPIE_0_gameMap 0,131
[2021.03.17-15.52.27:695][983]LogBlueprintUserMessages: Late PlayInEditor Detection: Level '/Game/gamePlay/map/gameMap.gameMap:PersistentLevel' has LevelScriptBlueprint '/Game/gamePlay/map/gameMap.gameMap:PersistentLevel.gameMap' with GeneratedClass '/Game/gamePlay/map/gameMap.gameMap_C' with ClassGeneratedBy '/Game/gamePlay/map/gameMap.gameMap:PersistentLevel.gameMap'
[2021.03.17-15.52.30:400][285]LogBlueprintUserMessages: [computer_2] not valid
[2021.03.17-15.52.31:191][372]LogSlate: FSceneViewport::OnFocusLost() reason 0
[2021.03.17-15.52.31:297][384]LogBlueprintUserMessages: [computer_2] valid
[2021.03.17-15.52.31:956][458]LogBlueprintUserMessages: [computer_2] not valid
[2021.03.17-15.52.32:713][540]LogSlate: FSceneViewport::OnFocusLost() reason 0
[2021.03.17-15.52.32:809][551]LogBlueprintUserMessages: [computer_2] valid
[2021.03.17-15.52.33:089][583]LogBlueprintUserMessages: [computer_2] not valid
[2021.03.17-15.52.33:506][630]LogSlate: FSceneViewport::OnFocusLost() reason 0
[2021.03.17-15.52.33:602][641]LogBlueprintUserMessages: [computer_2] valid
[2021.03.17-15.52.33:806][664]LogBlueprintUserMessages: [computer_2] not valid
[2021.03.17-15.52.34:083][696]LogSlate: FSceneViewport::OnFocusLost() reason 0
[2021.03.17-15.52.34:180][707]LogBlueprintUserMessages: [computer_2] valid
[2021.03.17-15.52.34:339][725]LogBlueprintUserMessages: [computer_2] not valid
[2021.03.17-15.52.34:543][748]LogSlate: FSceneViewport::OnFocusLost() reason 0
[2021.03.17-15.52.34:664][762]LogBlueprintUserMessages: [computer_2] valid
[2021.03.17-15.52.34:778][774]LogBlueprintUserMessages: [computer_2] not valid
[2021.03.17-15.52.35:089][810]LogBlueprintUserMessages: [computer_2] valid
[2021.03.17-15.52.35:222][825]LogBlueprintUserMessages: [computer_2] not valid
[2021.03.17-15.52.35:387][844]LogSlate: FSceneViewport::OnFocusLost() reason 0
[2021.03.17-15.52.35:525][860]LogBlueprintUserMessages: [computer_2] valid
[2021.03.17-15.52.35:649][874]LogBlueprintUserMessages: [computer_2] not valid
[2021.03.17-15.52.35:977][912]LogBlueprintUserMessages: [computer_2] valid
[2021.03.17-15.52.36:088][925]LogBlueprintUserMessages: [computer_2] not valid
[2021.03.17-15.52.36:289][948]LogSlate: FSceneViewport::OnFocusLost() reason 0
[2021.03.17-15.52.36:435][965]LogBlueprintUserMessages: [computer_2] valid
[2021.03.17-15.52.36:540][977]LogBlueprintUserMessages: [computer_2] not valid
[2021.03.17-15.52.36:790][  6]LogBlueprintUserMessages: [computer_2] valid
[2021.03.17-15.52.36:829][ 10]LogBlueprintUserMessages: [computer_2] not valid
[2021.03.17-15.52.36:926][ 21]LogSlate: FSceneViewport::OnFocusLost() reason 0
[2021.03.17-15.52.37:003][ 30]LogBlueprintUserMessages: [computer_2] valid
[2021.03.17-15.52.37:013][ 31]LogBlueprintUserMessages: [computer_2] not valid
[2021.03.17-15.52.37:118][ 43]LogSlate: FSceneViewport::OnFocusLost() reason 0
[2021.03.17-15.52.37:179][ 50]LogBlueprintUserMessages: [computer_2] valid
[2021.03.17-15.52.37:181][ 50]LogBlueprintUserMessages: [computer_2] not valid
[2021.03.17-15.52.37:365][ 71]LogBlueprintUserMessages: [computer_2] valid
[2021.03.17-15.52.37:505][ 87]LogBlueprintUserMessages: [computer_2] not valid
[2021.03.17-15.52.37:736][113]LogBlueprintUserMessages: [computer_2] valid
[2021.03.17-15.52.37:850][126]LogBlueprintUserMessages: [computer_2] not valid
[2021.03.17-15.52.38:125][158]LogBlueprintUserMessages: [computer_2] valid
[2021.03.17-15.52.38:230][170]LogBlueprintUserMessages: [computer_2] not valid
[2021.03.17-15.52.38:275][175]LogSlate: FSceneViewport::OnFocusLost() reason 0
[2021.03.17-15.52.38:353][184]LogBlueprintUserMessages: [computer_2] valid
[2021.03.17-15.52.40:353][408]LogBlueprintUserMessages: [computer_2] not valid
[2021.03.17-15.52.41:079][489]LogSlate: FSceneViewport::OnFocusLost() reason 0
[2021.03.17-15.52.41:175][500]LogBlueprintUserMessages: [computer_2] valid
[2021.03.17-15.52.41:648][553]LogBlueprintUserMessages: [computer_2] not valid
[2021.03.17-15.52.42:149][609]LogSlate: FSceneViewport::OnFocusLost() reason 0
[2021.03.17-15.52.42:255][621]LogBlueprintUserMessages: [computer_2] valid
[2021.03.17-15.52.42:664][667]LogBlueprintUserMessages: [computer_2] not valid
[2021.03.17-15.52.43:118][719]LogSlate: FSceneViewport::OnFocusLost() reason 0
[2021.03.17-15.52.43:215][730]LogBlueprintUserMessages: [computer_2] valid
[2021.03.17-15.52.44:001][819]LogBlueprintUserMessages: Early EndPlayMap Detection: Level '/Game/gamePlay/map/gameMap.gameMap:PersistentLevel' has LevelScriptBlueprint '/Game/gamePlay/map/gameMap.gameMap:PersistentLevel.gameMap' with GeneratedClass '/Game/gamePlay/map/gameMap.gameMap_C' with ClassGeneratedBy '/Game/gamePlay/map/gameMap.gameMap:PersistentLevel.gameMap'
[2021.03.17-15.52.44:002][819]LogSlate: Updating window title bar state: overlay mode, drag disabled, window buttons hidden, title bar hidden
[2021.03.17-15.52.44:002][819]LogWorld: BeginTearingDown for /Game/gamePlay/map/UEDPIE_0_gameMap
[2021.03.17-15.52.44:015][819]LogSlate: Window 'LosingPatience Game Preview Standalone (64-bit/PCD3D_SM5)' being destroyed
[2021.03.17-15.52.44:019][819]LogWorld: UWorld::CleanupWorld for gameMap, bSessionEnded=true, bCleanupResources=true
[2021.03.17-15.52.44:027][819]LogPlayLevel: Display: Shutting down PIE online subsystems
[2021.03.17-15.52.44:027][819]LogBlueprintUserMessages: Late EndPlayMap Detection: Level '/Game/gamePlay/map/gameMap.gameMap:PersistentLevel' has LevelScriptBlueprint '/Game/gamePlay/map/gameMap.gameMap:PersistentLevel.gameMap' with GeneratedClass '/Game/gamePlay/map/gameMap.gameMap_C' with ClassGeneratedBy '/Game/gamePlay/map/gameMap.gameMap:PersistentLevel.gameMap'
[2021.03.17-15.52.44:079][819]LogUObjectHash: Compacting FUObjectHashTables data took   4.11ms
[2021.03.17-15.52.44:138][821]LogPlayLevel: Display: Destroying online subsystem :Context_10
[2021.03.17-15.52.47:381][186]LogUObjectHash: Compacting FUObjectHashTables data took   0.94ms
[2021.03.17-15.52.47:459][186]LogSavePackage: Moving '../../../../../../Pixalone/test/LosingPatience/Saved/WB_mailServiceF097DF9E4BCED055F825C6BDEDA5BFC2.tmp' to '../../../../../../Pixalone/test/LosingPatience/Content/gamePlay/widget/Main_ComputerInterface/WB_mailService.uasset'
[2021.03.17-15.52.48:883][332]LogSlate: Window 'WB_mailService' being destroyed
[2021.03.17-15.52.48:886][332]LogSlate: Window 'WB_mailService' being destroyed
[2021.03.17-15.52.48:924][332]LogWorld: UWorld::CleanupWorld for World_3, bSessionEnded=true, bCleanupResources=true
[2021.03.17-15.52.49:402][332]LogWorld: UWorld::CleanupWorld for World_7, bSessionEnded=true, bCleanupResources=true
[2021.03.17-15.52.49:407][332]LogWorld: UWorld::CleanupWorld for World_6, bSessionEnded=true, bCleanupResources=true
[2021.03.17-15.52.50:726][471]LogUObjectHash: Compacting FUObjectHashTables data took   5.00ms
[2021.03.17-15.52.51:985][581]LogUObjectHash: Compacting FUObjectHashTables data took   2.86ms
[2021.03.17-15.52.52:223][581]LogWorld: UWorld::CleanupWorld for World_5, bSessionEnded=true, bCleanupResources=true
[2021.03.17-15.52.52:228][581]LogWorld: UWorld::CleanupWorld for World_4, bSessionEnded=true, bCleanupResources=true
[2021.03.17-15.52.52:247][581]LogSlate: Window 'LosingPatience - Unreal Editor' being destroyed
[2021.03.17-15.52.52:248][581]LogWindowsTextInputMethodSystem: Display: IME system now deactivated.
[2021.03.17-15.52.52:614][582]Cmd: QUIT_EDITOR
[2021.03.17-15.52.53:539][582]LogExit: Preparing to exit.
[2021.03.17-15.52.54:023][582]LogWorld: UWorld::CleanupWorld for World_0, bSessionEnded=true, bCleanupResources=true
[2021.03.17-15.52.54:026][582]LogWorld: UWorld::CleanupWorld for World_1, bSessionEnded=true, bCleanupResources=true
[2021.03.17-15.52.54:030][582]LogWorld: UWorld::CleanupWorld for World_2, bSessionEnded=true, bCleanupResources=true
[2021.03.17-15.52.54:203][582]LogDemo: Cleaned up 0 splitscreen connections with owner deletion
[2021.03.17-15.52.54:426][582]LogWorld: UWorld::CleanupWorld for None, bSessionEnded=true, bCleanupResources=true
[2021.03.17-15.52.54:426][582]LogExit: Editor shut down
[2021.03.17-15.52.54:427][582]LogExit: Transaction tracking system shut down
[2021.03.17-15.52.56:520][582]LogExit: Object subsystem successfully closed.
[2021.03.17-15.52.56:746][582]LogShaderCompilers: Display: Shaders left to compile 0
[2021.03.17-15.52.58:273][582]LogModuleManager: Shutting down and abandoning module SequencerWidgets (678)
[2021.03.17-15.52.58:274][582]LogModuleManager: Shutting down and abandoning module MovieSceneCapture (676)
[2021.03.17-15.52.58:274][582]LogModuleManager: Shutting down and abandoning module Voice (674)
[2021.03.17-15.52.58:300][582]LogModuleManager: Shutting down and abandoning module BlueprintGraph (672)
[2021.03.17-15.52.58:300][582]LogModuleManager: Shutting down and abandoning module HierarchicalLODOutliner (670)
[2021.03.17-15.52.58:300][582]LogModuleManager: Shutting down and abandoning module WorldBrowser (668)
[2021.03.17-15.52.58:317][582]LogModuleManager: Shutting down and abandoning module SceneOutliner (666)
[2021.03.17-15.52.58:317][582]LogModuleManager: Shutting down and abandoning module AddContentDialog (664)
[2021.03.17-15.52.58:370][582]LogModuleManager: Shutting down and abandoning module WidgetCarousel (663)
[2021.03.17-15.52.58:370][582]LogModuleManager: Shutting down and abandoning module EditorWidgets (660)
[2021.03.17-15.52.58:370][582]LogModuleManager: Shutting down and abandoning module CollectionManager (658)
[2021.03.17-15.52.58:383][582]LogModuleManager: Shutting down and abandoning module StatsViewer (656)
[2021.03.17-15.52.58:406][582]LogModuleManager: Shutting down and abandoning module VirtualTexturingEditor (654)
[2021.03.17-15.52.58:406][582]LogModuleManager: Shutting down and abandoning module FoliageEdit (652)
[2021.03.17-15.52.58:430][582]LogModuleManager: Shutting down and abandoning module LandscapeEditor (650)
[2021.03.17-15.52.58:466][582]LogModuleManager: Shutting down and abandoning module MeshPaintMode (648)
[2021.03.17-15.52.58:466][582]LogModuleManager: Shutting down and abandoning module SceneDepthPickerMode (646)
[2021.03.17-15.52.58:466][582]LogModuleManager: Shutting down and abandoning module ActorPickerMode (644)
[2021.03.17-15.52.58:466][582]LogModuleManager: Shutting down and abandoning module GeometryMode (642)
[2021.03.17-15.52.58:479][582]LogModuleManager: Shutting down and abandoning module TextureAlignMode (640)
[2021.03.17-15.52.58:479][582]LogModuleManager: Shutting down and abandoning module BspMode (638)
[2021.03.17-15.52.58:479][582]LogModuleManager: Shutting down and abandoning module PIEPreviewDeviceProfileSelector (636)
[2021.03.17-15.52.58:499][582]LogModuleManager: Shutting down and abandoning module SequenceRecorderSections (634)
[2021.03.17-15.52.58:515][582]LogModuleManager: Shutting down and abandoning module AutomationWorker (632)
[2021.03.17-15.52.58:515][582]LogModuleManager: Shutting down and abandoning module OculusMR (630)
[2021.03.17-15.52.58:515][582]LogModuleManager: Shutting down and abandoning module AudioCaptureEditor (628)
[2021.03.17-15.52.58:526][582]LogModuleManager: Shutting down and abandoning module MatineeToLevelSequence (626)
[2021.03.17-15.52.58:550][582]LogModuleManager: Shutting down and abandoning module LevelSequenceEditor (624)
[2021.03.17-15.52.58:651][582]LogModuleManager: Shutting down and abandoning module PlacementMode (623)
[2021.03.17-15.52.58:651][582]LogModuleManager: Shutting down and abandoning module MaterialEditor (622)
[2021.03.17-15.52.58:689][582]LogModuleManager: Shutting down and abandoning module ActorSequenceEditor (618)
[2021.03.17-15.52.58:706][582]LogModuleManager: Shutting down and abandoning module WmfMediaFactory (616)
[2021.03.17-15.52.58:706][582]LogModuleManager: Shutting down and abandoning module WmfMediaEditor (614)
[2021.03.17-15.52.58:706][582]LogModuleManager: Shutting down and abandoning module WebMMediaFactory (612)
[2021.03.17-15.52.58:706][582]LogModuleManager: Shutting down and abandoning module WebMMediaEditor (610)
[2021.03.17-15.52.58:706][582]LogModuleManager: Shutting down and abandoning module WebMMedia (608)
[2021.03.17-15.52.58:719][582]LogModuleManager: Shutting down and abandoning module MediaPlayerEditor (606)
[2021.03.17-15.52.58:745][582]LogModuleManager: Shutting down and abandoning module MediaCompositingEditor (604)
[2021.03.17-15.52.58:761][582]LogModuleManager: Shutting down and abandoning module SequenceRecorder (603)
[2021.03.17-15.52.58:762][582]LogModuleManager: Shutting down and abandoning module OpenExrWrapper (600)
[2021.03.17-15.52.58:762][582]LogModuleManager: Shutting down and abandoning module ImgMediaFactory (598)
[2021.03.17-15.52.58:762][582]LogModuleManager: Shutting down and abandoning module ImgMediaEditor (596)
[2021.03.17-15.52.58:762][582]LogModuleManager: Shutting down and abandoning module AvfMediaFactory (594)
[2021.03.17-15.52.58:762][582]LogModuleManager: Shutting down and abandoning module AvfMediaEditor (592)
[2021.03.17-15.52.58:762][582]LogModuleManager: Shutting down and abandoning module AndroidMediaFactory (590)
[2021.03.17-15.52.58:762][582]LogModuleManager: Shutting down and abandoning module AndroidMediaEditor (588)
[2021.03.17-15.52.58:762][582]LogModuleManager: Shutting down and abandoning module MagicLeapCameraPreviewFactory (586)
[2021.03.17-15.52.58:762][582]LogModuleManager: Shutting down and abandoning module MagicLeapMediaCodecFactory (584)
[2021.03.17-15.52.58:762][582]LogModuleManager: Shutting down and abandoning module MagicLeapMediaFactory (582)
[2021.03.17-15.52.58:762][582]LogModuleManager: Shutting down and abandoning module MagicLeapMediaEditor (580)
[2021.03.17-15.52.58:762][582]LogModuleManager: Shutting down and abandoning module CharacterAI (578)
[2021.03.17-15.52.58:762][582]LogModuleManager: Shutting down and abandoning module SmartSnapping (576)
[2021.03.17-15.52.58:762][582]LogModuleManager: Shutting down and abandoning module SessionServices (574)
[2021.03.17-15.52.58:762][582]LogModuleManager: Shutting down and abandoning module MeshPaint (572)
[2021.03.17-15.52.58:789][582]LogModuleManager: Shutting down and abandoning module ViewportSnapping (570)
[2021.03.17-15.52.58:789][582]LogModuleManager: Shutting down and abandoning module ViewportInteraction (568)
[2021.03.17-15.52.58:789][582]LogModuleManager: Shutting down and abandoning module ClothPainter (566)
[2021.03.17-15.52.58:826][582]LogModuleManager: Shutting down and abandoning module SkeletalMeshEditor (565)
[2021.03.17-15.52.58:918][582]LogModuleManager: Shutting down and abandoning module LogVisualizer (562)
[2021.03.17-15.52.58:933][582]LogModuleManager: Shutting down and abandoning module IntroTutorials (560)
[2021.03.17-15.52.58:933][582]LogModuleManager: Shutting down and abandoning module GameProjectGeneration (559)
[2021.03.17-15.52.58:955][582]LogModuleManager: Shutting down and abandoning module LuminPlatformEditor (556)
[2021.03.17-15.52.58:955][582]LogModuleManager: Shutting down and abandoning module IOSPlatformEditor (554)
[2021.03.17-15.52.58:972][582]LogModuleManager: Shutting down and abandoning module HTML5PlatformEditor (552)
[2021.03.17-15.52.58:972][582]LogModuleManager: Shutting down and abandoning module AndroidPlatformEditor (550)
[2021.03.17-15.52.58:972][582]LogModuleManager: Shutting down and abandoning module AndroidDeviceDetection (549)
